Removed Pin From Net: NetName=GND Pin=C13-0
Removed Pin From Net: NetName=+15_1 Pin=C13-1
Removed Pin From Net: NetName=GND Pin=C14-0
Removed Pin From Net: NetName=+15_1 Pin=C14-1
Removed Pin From Net: NetName=Out_I Pin=C15-0
Removed Pin From Net: NetName=NetC9_1 Pin=C15-1
Removed Pin From Net: NetName=Out_I Pin=C16-0
Removed Pin From Net: NetName=NetC9_1 Pin=C16-1
Added Component: Designator=DA3(SOIC-8)
Add component. Clean all parameters for all variants
Added Pin To Net: NetName=Out_I Pin=DA3-1
Added Pin To Net: NetName=NetC9_1 Pin=DA3-2
Added Pin To Net: NetName=GND Pin=DA3-3
Added Pin To Net: NetName=-15_1 Pin=DA3-4
Added Pin To Net: NetName=NetDA3_2 Pin=DA3-6
Added Pin To Net: NetName=+15_1 Pin=DA3-8
Change Net Name : Old Net Name=NetDA3_2 New Net Name=NetDA3_6
Added Pin To Net: NetName=NetDA3_5 Pin=DA3-5
Added Pin To Net: NetName=NetDA3_5 Pin=R4-1
Added Net: Name=NetDA3_5
Added Pin To Net: NetName=NetDA3_7 Pin=DA3-7
Added Pin To Net: NetName=NetDA3_7 Pin=R6-1
Added Pin To Net: NetName=NetDA3_7 Pin=R8-0
Added Net: Name=NetDA3_7
Added Member To Class: ClassName=схема Member=Component DA3 Операционный усилитель
