Removed Pin From Net: NetName=NetDA3_2 Pin=DA3-2
Removed Pin From Net: NetName=GND Pin=DA3-5
Removed Pin From Net: NetName=NetDA3_7 Pin=DA3-7
Added Pin To Net: NetName=NetDA3_7 Pin=DA3-1
Added Pin To Net: NetName=GND Pin=DA3-3
Added Pin To Net: NetName=NetDA3_2 Pin=DA3-6
Change Net Name : Old Net Name=NetDA3_2 New Net Name=NetDA3_6
Change Net Name : Old Net Name=NetDA3_7 New Net Name=NetDA3_1
Added Pin To Net: NetName=NetDA3_2 Pin=DA3-2
Added Pin To Net: NetName=NetDA3_2 Pin=R10-2
Added Pin To Net: NetName=NetDA3_2 Pin=XP3-2
Added Net: Name=NetDA3_2
Added Pin To Net: NetName=NetDA3_5 Pin=DA3-5
Added Pin To Net: NetName=NetDA3_5 Pin=R3-2
Added Net: Name=NetDA3_5
Added Pin To Net: NetName=NetDA3_7 Pin=DA3-7
Added Pin To Net: NetName=NetDA3_7 Pin=DA6-1
Added Pin To Net: NetName=NetDA3_7 Pin=R4-2
Added Net: Name=NetDA3_7
Added Room: Name=схема
