Removed Pin From Net: NetName=-15_1 Pin=DA3-4
Removed Pin From Net: NetName=GND Pin=DA3-5
Removed Pin From Net: NetName=NetDA3_7 Pin=DA3-7
Removed Pin From Net: NetName=+15_1 Pin=DA3-8
Removed Pin From Net: NetName=-15_2 Pin=DA4-4
Removed Pin From Net: NetName=GND2 Pin=DA4-5
Removed Pin From Net: NetName=+15_2 Pin=DA4-8
Removed Pin From Net: NetName=NetDA4_6 Pin=R6-1
Removed Pin From Net: NetName=NetDA4_6 Pin=R7-2
Removed Pin From Net: NetName=NetDA3_6 Pin=R10-2
Removed Pin From Net: NetName=NetDA3_6 Pin=XP3-2
Change Component Footprint: Designator=DA2 Old Footprint=SOIC-8 New Footprint=SC_SOIC8
Change Component Footprint: Designator=DA3 Old Footprint=SOIC-8 New Footprint=SC_SOIC8
Change Component Footprint: Designator=DA4 Old Footprint=SOIC-8 New Footprint=SC_SOIC8
Change Component Footprint: Designator=DA5 Old Footprint=SOIC-8 New Footprint=SC_SOIC8
Change Component Comment : Designator=DA2 Old Comment=ADG419 New Comment=Аналоговый ключ
Change Component Comment : Designator=DA5 Old Comment=ADG419 New Comment=Аналоговый ключ
Added Pin To Net: NetName=-15_2 Pin=DA3-4
Added Pin To Net: NetName=GND2 Pin=DA3-5
Added Pin To Net: NetName=+15_2 Pin=DA3-8
Added Pin To Net: NetName=-15_1 Pin=DA4-4
Added Pin To Net: NetName=GND Pin=DA4-5
Added Pin To Net: NetName=NetDA3_7 Pin=DA4-7
Added Pin To Net: NetName=+15_1 Pin=DA4-8
Added Pin To Net: NetName=NetDA3_6 Pin=R6-1
Added Pin To Net: NetName=NetDA3_6 Pin=R7-2
Added Pin To Net: NetName=NetDA4_6 Pin=R10-2
Added Pin To Net: NetName=NetDA4_6 Pin=XP3-2
Change Net Name : Old Net Name=NetDA3_7 New Net Name=NetDA4_7
Added Pin To Net: NetName=NetDA3_7 Pin=DA3-7
Added Pin To Net: NetName=NetDA3_7 Pin=R7-1
Added Pin To Net: NetName=NetDA3_7 Pin=R9-2
Added Net: Name=NetDA3_7
