Added Component: Designator=C1(RE_0805)
Add component. Clean all parameters for all variants
Added Component: Designator=C2(RE_0805)
Add component. Clean all parameters for all variants
Added Component: Designator=C3(RE_0805)
Add component. Clean all parameters for all variants
Added Component: Designator=C4(RE_0805)
Add component. Clean all parameters for all variants
Added Component: Designator=C5(RE_0805)
Add component. Clean all parameters for all variants
Added Component: Designator=C6(RE_0805)
Add component. Clean all parameters for all variants
Added Component: Designator=C7(RE_0805)
Add component. Clean all parameters for all variants
Added Component: Designator=C8(RE_0805)
Add component. Clean all parameters for all variants
Added Component: Designator=C9(RE_0805)
Add component. Clean all parameters for all variants
Added Component: Designator=C10(RE_0805)
Add component. Clean all parameters for all variants
Added Component: Designator=C11(RE_0805)
Add component. Clean all parameters for all variants
Added Component: Designator=C12(RE_0805)
Add component. Clean all parameters for all variants
Added Component: Designator=C13(RE_0805)
Add component. Clean all parameters for all variants
Added Component: Designator=C14(RE_0805)
Add component. Clean all parameters for all variants
Added Component: Designator=C15(RE_0805)
Add component. Clean all parameters for all variants
Added Component: Designator=C16(RE_0805)
Add component. Clean all parameters for all variants
Added Component: Designator=C17(RE_0805)
Add component. Clean all parameters for all variants
Added Component: Designator=C18(RE_0805)
Add component. Clean all parameters for all variants
Added Component: Designator=C19(RE_0805)
Add component. Clean all parameters for all variants
Added Component: Designator=C20(RE_0805)
Add component. Clean all parameters for all variants
Added Component: Designator=C21(RE_0805)
Add component. Clean all parameters for all variants
Added Component: Designator=C22(RE_0805)
Add component. Clean all parameters for all variants
Added Component: Designator=C23(RE_0805)
Add component. Clean all parameters for all variants
Added Component: Designator=C24(RE_0805)
Add component. Clean all parameters for all variants
Added Component: Designator=C25(RE_0805)
Add component. Clean all parameters for all variants
Added Component: Designator=C26(RE_0805)
Add component. Clean all parameters for all variants
Added Component: Designator=C27(RE_0805)
Add component. Clean all parameters for all variants
Added Component: Designator=C28(RE_0805)
Add component. Clean all parameters for all variants
Added Component: Designator=C29(RE_0805)
Add component. Clean all parameters for all variants
Added Component: Designator=C30(RE_0805)
Add component. Clean all parameters for all variants
Added Component: Designator=C31(RE_0805)
Add component. Clean all parameters for all variants
Added Component: Designator=C32(RE_0805)
Add component. Clean all parameters for all variants
Added Component: Designator=C33(RE_0805)
Add component. Clean all parameters for all variants
Added Component: Designator=C34(RE_0805)
Add component. Clean all parameters for all variants
Added Component: Designator=C35(RE_0805)
Add component. Clean all parameters for all variants
Added Component: Designator=C36(RE_0805)
Add component. Clean all parameters for all variants
Added Component: Designator=DA1(SC_SOIC8)
Add component. Clean all parameters for all variants
Added Component: Designator=DA2(SC_SOIC8)
Add component. Clean all parameters for all variants
Added Component: Designator=DA3(SC_SOIC8)
Add component. Clean all parameters for all variants
Added Component: Designator=DA4(SC_SOIC8)
Add component. Clean all parameters for all variants
Added Component: Designator=DA5(SC_SOIC8)
Add component. Clean all parameters for all variants
Added Component: Designator=DA6(SC_SOIC8)
Add component. Clean all parameters for all variants
Added Component: Designator=DA7(SC_SOIC8)
Add component. Clean all parameters for all variants
Added Component: Designator=DA8(SC_SOIC8)
Add component. Clean all parameters for all variants
Added Component: Designator=DA9(SC_SOIC8)
Add component. Clean all parameters for all variants
Added Component: Designator=DA10(SC_SOIC8)
Add component. Clean all parameters for all variants
Added Component: Designator=DA11(SC_SOIC8)
Add component. Clean all parameters for all variants
Added Component: Designator=DA12(SC_SOIC8)
Add component. Clean all parameters for all variants
Added Component: Designator=DA13(SC_SOIC8)
Add component. Clean all parameters for all variants
Added Component: Designator=DA14(SC_SOIC8)
Add component. Clean all parameters for all variants
Added Component: Designator=DA15(SC_SOIC8)
Add component. Clean all parameters for all variants
Added Component: Designator=R1(RE_0805)
Add component. Clean all parameters for all variants
Added Component: Designator=R2(RE_0805)
Add component. Clean all parameters for all variants
Added Component: Designator=R3(RE_0805)
Add component. Clean all parameters for all variants
Added Component: Designator=R4(RE_0805)
Add component. Clean all parameters for all variants
Added Component: Designator=R5(RE_0805)
Add component. Clean all parameters for all variants
Added Component: Designator=R6(RE_0805)
Add component. Clean all parameters for all variants
Added Component: Designator=R7(RE_0805)
Add component. Clean all parameters for all variants
Added Component: Designator=R8(RE_0805)
Add component. Clean all parameters for all variants
Added Component: Designator=R9(RE_0805)
Add component. Clean all parameters for all variants
Added Component: Designator=R10(RE_0805)
Add component. Clean all parameters for all variants
Added Component: Designator=R11(RE_0805)
Add component. Clean all parameters for all variants
Added Component: Designator=R12(RE_0805)
Add component. Clean all parameters for all variants
Added Component: Designator=R13(RE_0805)
Add component. Clean all parameters for all variants
Added Component: Designator=R14(RE_0805)
Add component. Clean all parameters for all variants
Added Component: Designator=R15(RE_0805)
Add component. Clean all parameters for all variants
Added Component: Designator=R16(RE_0805)
Add component. Clean all parameters for all variants
Added Component: Designator=R17(RE_0805)
Add component. Clean all parameters for all variants
Added Component: Designator=R18(RE_0805)
Add component. Clean all parameters for all variants
Added Component: Designator=R19(RE_0805)
Add component. Clean all parameters for all variants
Added Component: Designator=R20(RE_0805)
Add component. Clean all parameters for all variants
Added Component: Designator=R21(RE_0805)
Add component. Clean all parameters for all variants
Added Component: Designator=R22(RE_0805)
Add component. Clean all parameters for all variants
Added Component: Designator=R23(RE_0805)
Add component. Clean all parameters for all variants
Added Component: Designator=R24(RE_0805)
Add component. Clean all parameters for all variants
Added Component: Designator=R25(RE_0805)
Add component. Clean all parameters for all variants
Added Component: Designator=R26(RE_0805)
Add component. Clean all parameters for all variants
Added Component: Designator=R27(RE_0805)
Add component. Clean all parameters for all variants
Added Component: Designator=R28(RE_0805)
Add component. Clean all parameters for all variants
Added Component: Designator=R29(RE_0805)
Add component. Clean all parameters for all variants
Added Component: Designator=R30(RE_0805)
Add component. Clean all parameters for all variants
Added Component: Designator=R31(RE_0805)
Add component. Clean all parameters for all variants
Added Component: Designator=R32(RE_0805)
Add component. Clean all parameters for all variants
Added Component: Designator=R33(RE_0805)
Add component. Clean all parameters for all variants
Added Component: Designator=R34(RE_0805)
Add component. Clean all parameters for all variants
Added Component: Designator=R35(RE_0805)
Add component. Clean all parameters for all variants
Added Component: Designator=R36(RE_0805)
Add component. Clean all parameters for all variants
Added Component: Designator=R37(RE_0805)
Add component. Clean all parameters for all variants
Added Component: Designator=R38(RE_0805)
Add component. Clean all parameters for all variants
Added Component: Designator=R39(RE_0805)
Add component. Clean all parameters for all variants
Added Component: Designator=R40(RE_0805)
Add component. Clean all parameters for all variants
Added Component: Designator=R41(RE_0805)
Add component. Clean all parameters for all variants
Added Component: Designator=R42(RE_0805)
Add component. Clean all parameters for all variants
Added Component: Designator=R43(RE_0805)
Add component. Clean all parameters for all variants
Added Component: Designator=R44(RE_0805)
Add component. Clean all parameters for all variants
Added Component: Designator=R45(RE_0805)
Add component. Clean all parameters for all variants
Added Component: Designator=VD1(SC_SOT23)
Add component. Clean all parameters for all variants
Added Component: Designator=VD2(SC_SOT23)
Add component. Clean all parameters for all variants
Added Component: Designator=XP1(PLS4)
Add component. Clean all parameters for all variants
Added Component: Designator=XP2(PLS4)
Add component. Clean all parameters for all variants
Added Component: Designator=XP3(PLS4)
Add component. Clean all parameters for all variants
Added Component: Designator=XP4(PLS4)
Add component. Clean all parameters for all variants
Added Component: Designator=XP5(PLS4)
Add component. Clean all parameters for all variants
Added Component: Designator=XP6(PLS4)
Add component. Clean all parameters for all variants
Added Component: Designator=XP7(PLS4)
Add component. Clean all parameters for all variants
Added Component: Designator=XP8(PLS4)
Add component. Clean all parameters for all variants
Added Component: Designator=XP9(PLS3)
Add component. Clean all parameters for all variants
Added Component: Designator=XP10(PLS3)
Add component. Clean all parameters for all variants
Added Component: Designator=XP11(PLS3)
Add component. Clean all parameters for all variants
Added Component: Designator=XP12(PLS3)
Add component. Clean all parameters for all variants
Added Component: Designator=XP13(PLS3)
Add component. Clean all parameters for all variants
Added Component: Designator=XP14(PLS3)
Add component. Clean all parameters for all variants
Added Component: Designator=XP15(PLS2)
Add component. Clean all parameters for all variants
Added Component: Designator=XP16(PLS3)
Add component. Clean all parameters for all variants
Added Pin To Net: NetName=GND Pin=C1-1
Added Pin To Net: NetName=+15 Pin=C1-2
Added Pin To Net: NetName=GND Pin=C2-1
Added Pin To Net: NetName=+15 Pin=C2-2
Added Pin To Net: NetName=GND Pin=C3-1
Added Pin To Net: NetName=+5 Pin=C3-2
Added Pin To Net: NetName=-15 Pin=C4-1
Added Pin To Net: NetName=GND Pin=C4-2
Added Pin To Net: NetName=GND Pin=C5-1
Added Pin To Net: NetName=+5 Pin=C5-2
Added Pin To Net: NetName=-15 Pin=C6-1
Added Pin To Net: NetName=GND Pin=C6-2
Added Pin To Net: NetName=+15 Pin=C7-1
Added Pin To Net: NetName=GND Pin=C7-2
Added Pin To Net: NetName=-15 Pin=C8-1
Added Pin To Net: NetName=GND Pin=C8-2
Added Pin To Net: NetName=GND Pin=C9-1
Added Pin To Net: NetName=+15 Pin=C9-2
Added Pin To Net: NetName=-15 Pin=C10-1
Added Pin To Net: NetName=GND Pin=C10-2
Added Pin To Net: NetName=GND Pin=C11-1
Added Pin To Net: NetName=+15 Pin=C11-2
Added Pin To Net: NetName=-15 Pin=C12-1
Added Pin To Net: NetName=GND Pin=C12-2
Added Pin To Net: NetName=GND Pin=C13-1
Added Pin To Net: NetName=+15 Pin=C13-2
Added Pin To Net: NetName=-15 Pin=C14-1
Added Pin To Net: NetName=GND Pin=C14-2
Added Pin To Net: NetName=+15 Pin=C15-1
Added Pin To Net: NetName=GND Pin=C15-2
Added Pin To Net: NetName=-15 Pin=C16-1
Added Pin To Net: NetName=GND Pin=C16-2
Added Pin To Net: NetName=GND Pin=C17-1
Added Pin To Net: NetName=+15 Pin=C17-2
Added Pin To Net: NetName=-15 Pin=C18-1
Added Pin To Net: NetName=GND Pin=C18-2
Added Pin To Net: NetName=GND Pin=C19-1
Added Pin To Net: NetName=+15 Pin=C19-2
Added Pin To Net: NetName=GND Pin=C20-1
Added Pin To Net: NetName=+15 Pin=C20-2
Added Pin To Net: NetName=GND Pin=C21-1
Added Pin To Net: NetName=+5 Pin=C21-2
Added Pin To Net: NetName=-15 Pin=C22-1
Added Pin To Net: NetName=GND Pin=C22-2
Added Pin To Net: NetName=GND Pin=C23-1
Added Pin To Net: NetName=+5 Pin=C23-2
Added Pin To Net: NetName=-15 Pin=C24-1
Added Pin To Net: NetName=GND Pin=C24-2
Added Pin To Net: NetName=GND Pin=C25-1
Added Pin To Net: NetName=+15 Pin=C25-2
Added Pin To Net: NetName=GND Pin=C26-1
Added Pin To Net: NetName=+15 Pin=C26-2
Added Pin To Net: NetName=GND Pin=C27-1
Added Pin To Net: NetName=+5 Pin=C27-2
Added Pin To Net: NetName=-15 Pin=C28-1
Added Pin To Net: NetName=GND Pin=C28-2
Added Pin To Net: NetName=GND Pin=C29-1
Added Pin To Net: NetName=+5 Pin=C29-2
Added Pin To Net: NetName=-15 Pin=C30-1
Added Pin To Net: NetName=GND Pin=C30-2
Added Pin To Net: NetName=GND Pin=C31-1
Added Pin To Net: NetName=+15 Pin=C31-2
Added Pin To Net: NetName=-15 Pin=C32-1
Added Pin To Net: NetName=GND Pin=C32-2
Added Pin To Net: NetName=GND Pin=C33-1
Added Pin To Net: NetName=+15 Pin=C33-2
Added Pin To Net: NetName=-15 Pin=C34-1
Added Pin To Net: NetName=GND Pin=C34-2
Added Pin To Net: NetName=GND Pin=C35-1
Added Pin To Net: NetName=+15 Pin=C35-2
Added Pin To Net: NetName=-15 Pin=C36-1
Added Pin To Net: NetName=GND Pin=C36-2
Added Pin To Net: NetName=ToIAC Pin=DA1-1
Added Pin To Net: NetName=NetDA1_2 Pin=DA1-2
Added Pin To Net: NetName=NetDA1_3 Pin=DA1-3
Added Pin To Net: NetName=-15 Pin=DA1-4
Added Pin To Net: NetName=NetDA1_5 Pin=DA1-5
Added Pin To Net: NetName=NetDA1_6 Pin=DA1-6
Added Pin To Net: NetName=NetDA1_7 Pin=DA1-7
Added Pin To Net: NetName=+15 Pin=DA1-8
Added Pin To Net: NetName=ToIA Pin=DA2-1
Added Pin To Net: NetName=NetDA2_2 Pin=DA2-2
Added Pin To Net: NetName=NetDA2_3 Pin=DA2-3
Added Pin To Net: NetName=-15 Pin=DA2-4
Added Pin To Net: NetName=FromIAC+ Pin=DA2-5
Added Pin To Net: NetName=FromIAC- Pin=DA2-6
Added Pin To Net: NetName=OutIAC Pin=DA2-7
Added Pin To Net: NetName=+15 Pin=DA2-8
Added Pin To Net: NetName=Ib Pin=DA3-1
Added Pin To Net: NetName=FromIB- Pin=DA3-2
Added Pin To Net: NetName=FromIB+ Pin=DA3-3
Added Pin To Net: NetName=-15 Pin=DA3-4
Added Pin To Net: NetName=FromIA+ Pin=DA3-5
Added Pin To Net: NetName=FromIA- Pin=DA3-6
Added Pin To Net: NetName=Ia Pin=DA3-7
Added Pin To Net: NetName=+15 Pin=DA3-8
Added Pin To Net: NetName=IaPWM Pin=DA4-1
Added Pin To Net: NetName=GND Pin=DA4-2
Added Pin To Net: NetName=GND Pin=DA4-3
Added Pin To Net: NetName=+15 Pin=DA4-4
Added Pin To Net: NetName=+5 Pin=DA4-5
Added Pin To Net: NetName=SW12 Pin=DA4-6
Added Pin To Net: NetName=-15 Pin=DA4-7
Added Pin To Net: NetName=Ia Pin=DA4-8
Added Pin To Net: NetName=IbPWM Pin=DA5-1
Added Pin To Net: NetName=GND Pin=DA5-2
Added Pin To Net: NetName=GND Pin=DA5-3
Added Pin To Net: NetName=+15 Pin=DA5-4
Added Pin To Net: NetName=+5 Pin=DA5-5
Added Pin To Net: NetName=SW34 Pin=DA5-6
Added Pin To Net: NetName=-15 Pin=DA5-7
Added Pin To Net: NetName=Ib Pin=DA5-8
Added Pin To Net: NetName=ToIBC Pin=DA6-1
Added Pin To Net: NetName=NetDA6_2 Pin=DA6-2
Added Pin To Net: NetName=NetDA6_3 Pin=DA6-3
Added Pin To Net: NetName=-15 Pin=DA6-4
Added Pin To Net: NetName=NetDA6_5 Pin=DA6-5
Added Pin To Net: NetName=NetDA6_6 Pin=DA6-6
Added Pin To Net: NetName=NetDA6_7 Pin=DA6-7
Added Pin To Net: NetName=+15 Pin=DA6-8
Added Pin To Net: NetName=ToIB Pin=DA7-1
Added Pin To Net: NetName=NetDA7_2 Pin=DA7-2
Added Pin To Net: NetName=NetDA7_3 Pin=DA7-3
Added Pin To Net: NetName=-15 Pin=DA7-4
Added Pin To Net: NetName=FromIBC+ Pin=DA7-5
Added Pin To Net: NetName=FromIBC- Pin=DA7-6
Added Pin To Net: NetName=OutIBC Pin=DA7-7
Added Pin To Net: NetName=+15 Pin=DA7-8
Added Pin To Net: NetName=IcPWM Pin=DA8-1
Added Pin To Net: NetName=NetDA8_2 Pin=DA8-2
Added Pin To Net: NetName=NetDA8_3 Pin=DA8-3
Added Pin To Net: NetName=-15 Pin=DA8-4
Added Pin To Net: NetName=GND Pin=DA8-5
Added Pin To Net: NetName=NetDA8_6 Pin=DA8-6
Added Pin To Net: NetName=Ic Pin=DA8-7
Added Pin To Net: NetName=+15 Pin=DA8-8
Added Pin To Net: NetName=ToUc Pin=DA9-1
Added Pin To Net: NetName=NetDA9_2 Pin=DA9-2
Added Pin To Net: NetName=NetDA9_3 Pin=DA9-3
Added Pin To Net: NetName=-15 Pin=DA9-4
Added Pin To Net: NetName=GND Pin=DA9-5
Added Pin To Net: NetName=NetDA9_6 Pin=DA9-6
Added Pin To Net: NetName=NetDA9_7 Pin=DA9-7
Added Pin To Net: NetName=+15 Pin=DA9-8
Added Pin To Net: NetName=IcPWMPol Pin=DA10-1
Added Pin To Net: NetName=NetDA9_7 Pin=DA10-2
Added Pin To Net: NetName=GND Pin=DA10-3
Added Pin To Net: NetName=+15 Pin=DA10-4
Added Pin To Net: NetName=+5 Pin=DA10-5
Added Pin To Net: NetName=SW56 Pin=DA10-6
Added Pin To Net: NetName=-15 Pin=DA10-7
Added Pin To Net: NetName=IcPWM Pin=DA10-8
Added Pin To Net: NetName=UcPola Pin=DA11-1
Added Pin To Net: NetName=GND Pin=DA11-2
Added Pin To Net: NetName=GND Pin=DA11-3
Added Pin To Net: NetName=+15 Pin=DA11-4
Added Pin To Net: NetName=+5 Pin=DA11-5
Added Pin To Net: NetName=SW12 Pin=DA11-6
Added Pin To Net: NetName=-15 Pin=DA11-7
Added Pin To Net: NetName=UcPol Pin=DA11-8
Added Pin To Net: NetName=UcPolb Pin=DA12-1
Added Pin To Net: NetName=GND Pin=DA12-2
Added Pin To Net: NetName=GND Pin=DA12-3
Added Pin To Net: NetName=+15 Pin=DA12-4
Added Pin To Net: NetName=+5 Pin=DA12-5
Added Pin To Net: NetName=SW34 Pin=DA12-6
Added Pin To Net: NetName=-15 Pin=DA12-7
Added Pin To Net: NetName=UcPol Pin=DA12-8
Added Pin To Net: NetName=NetDA13_1 Pin=DA13-1
Added Pin To Net: NetName=NetDA13_2 Pin=DA13-2
Added Pin To Net: NetName=GND Pin=DA13-3
Added Pin To Net: NetName=-15 Pin=DA13-4
Added Pin To Net: NetName=FromUc+ Pin=DA13-5
Added Pin To Net: NetName=FromUc- Pin=DA13-6
Added Pin To Net: NetName=Uc Pin=DA13-7
Added Pin To Net: NetName=+15 Pin=DA13-8
Added Pin To Net: NetName=UcPol Pin=DA14-1
Added Pin To Net: NetName=NetDA13_1 Pin=DA14-2
Added Pin To Net: NetName=GND Pin=DA14-3
Added Pin To Net: NetName=+15 Pin=DA14-4
Added Pin To Net: NetName=+5 Pin=DA14-5
Added Pin To Net: NetName=SW56 Pin=DA14-6
Added Pin To Net: NetName=-15 Pin=DA14-7
Added Pin To Net: NetName=Uc Pin=DA14-8
Added Pin To Net: NetName=NetDA15_1 Pin=DA15-1
Added Pin To Net: NetName=NetDA15_1 Pin=DA15-2
Added Pin To Net: NetName=GND Pin=DA15-3
Added Pin To Net: NetName=-15 Pin=DA15-4
Added Pin To Net: NetName=Uc Pin=DA15-5
Added Pin To Net: NetName=NetDA15_6 Pin=DA15-6
Added Pin To Net: NetName=NetDA15_7 Pin=DA15-7
Added Pin To Net: NetName=+15 Pin=DA15-8
Added Pin To Net: NetName=NetDA1_6 Pin=R1-1
Added Pin To Net: NetName=NetDA1_7 Pin=R1-2
Added Pin To Net: NetName=NetDA1_5 Pin=R2-1
Added Pin To Net: NetName=GND Pin=R2-2
Added Pin To Net: NetName=NetDA1_3 Pin=R3-1
Added Pin To Net: NetName=GND Pin=R3-2
Added Pin To Net: NetName=NetDA2_3 Pin=R4-1
Added Pin To Net: NetName=GND Pin=R4-2
Added Pin To Net: NetName=UphA Pin=R5-1
Added Pin To Net: NetName=NetDA1_5 Pin=R5-2
Added Pin To Net: NetName=NetDA1_7 Pin=R6-1
Added Pin To Net: NetName=NetDA1_3 Pin=R6-2
Added Pin To Net: NetName=OutIAC Pin=R7-1
Added Pin To Net: NetName=NetDA2_3 Pin=R7-2
Added Pin To Net: NetName=UphC Pin=R8-1
Added Pin To Net: NetName=NetDA1_6 Pin=R8-2
Added Pin To Net: NetName=UcPola Pin=R9-1
Added Pin To Net: NetName=NetDA1_2 Pin=R9-2
Added Pin To Net: NetName=NetDA1_2 Pin=R10-1
Added Pin To Net: NetName=ToIAC Pin=R10-2
Added Pin To Net: NetName=Ib Pin=R11-1
Added Pin To Net: NetName=NetDA2_2 Pin=R11-2
Added Pin To Net: NetName=NetDA2_2 Pin=R12-1
Added Pin To Net: NetName=ToIA Pin=R12-2
Added Pin To Net: NetName=IbPWM Pin=R13-1
Added Pin To Net: NetName=NetDA8_3 Pin=R13-2
Added Pin To Net: NetName=NetDA8_3 Pin=R14-1
Added Pin To Net: NetName=IaPWM Pin=R14-2
Added Pin To Net: NetName=Ib Pin=R15-1
Added Pin To Net: NetName=NetDA8_6 Pin=R15-2
Added Pin To Net: NetName=NetDA8_6 Pin=R16-1
Added Pin To Net: NetName=Ic Pin=R16-2
Added Pin To Net: NetName=NetDA8_2 Pin=R17-1
Added Pin To Net: NetName=IcPWM Pin=R17-2
Added Pin To Net: NetName=GND Pin=R18-1
Added Pin To Net: NetName=NetDA8_3 Pin=R18-2
Added Pin To Net: NetName=NetDA8_6 Pin=R19-1
Added Pin To Net: NetName=Ia Pin=R19-2
Added Pin To Net: NetName=GND Pin=R20-1
Added Pin To Net: NetName=NetDA8_2 Pin=R20-2
Added Pin To Net: NetName=NetDA6_6 Pin=R21-1
Added Pin To Net: NetName=NetDA6_7 Pin=R21-2
Added Pin To Net: NetName=NetDA6_5 Pin=R22-1
Added Pin To Net: NetName=GND Pin=R22-2
Added Pin To Net: NetName=NetDA6_3 Pin=R23-1
Added Pin To Net: NetName=GND Pin=R23-2
Added Pin To Net: NetName=NetDA7_3 Pin=R24-1
Added Pin To Net: NetName=GND Pin=R24-2
Added Pin To Net: NetName=UphB Pin=R25-1
Added Pin To Net: NetName=NetDA6_5 Pin=R25-2
Added Pin To Net: NetName=NetDA6_7 Pin=R26-1
Added Pin To Net: NetName=NetDA6_3 Pin=R26-2
Added Pin To Net: NetName=OutIBC Pin=R27-1
Added Pin To Net: NetName=NetDA7_3 Pin=R27-2
Added Pin To Net: NetName=UphC Pin=R28-1
Added Pin To Net: NetName=NetDA6_6 Pin=R28-2
Added Pin To Net: NetName=UcPolb Pin=R29-1
Added Pin To Net: NetName=NetDA6_2 Pin=R29-2
Added Pin To Net: NetName=NetDA6_2 Pin=R30-1
Added Pin To Net: NetName=ToIBC Pin=R30-2
Added Pin To Net: NetName=Ia Pin=R31-1
Added Pin To Net: NetName=NetDA7_2 Pin=R31-2
Added Pin To Net: NetName=NetDA7_2 Pin=R32-1
Added Pin To Net: NetName=ToIB Pin=R32-2
Added Pin To Net: NetName=IM Pin=R33-1
Added Pin To Net: NetName=NetDA9_3 Pin=R33-2
Added Pin To Net: NetName=NetDA9_3 Pin=R34-1
Added Pin To Net: NetName=IcPWMPol Pin=R34-2
Added Pin To Net: NetName=NetDA9_2 Pin=R35-1
Added Pin To Net: NetName=ToUc Pin=R35-2
Added Pin To Net: NetName=NetDA9_6 Pin=R36-1
Added Pin To Net: NetName=NetDA9_7 Pin=R36-2
Added Pin To Net: NetName=GND Pin=R37-1
Added Pin To Net: NetName=NetDA9_3 Pin=R37-2
Added Pin To Net: NetName=NetR38_1 Pin=R38-1
Added Pin To Net: NetName=NetDA13_2 Pin=R38-2
Added Pin To Net: NetName=IcPWM Pin=R39-1
Added Pin To Net: NetName=NetDA9_6 Pin=R39-2
Added Pin To Net: NetName=GND Pin=R40-1
Added Pin To Net: NetName=NetDA9_2 Pin=R40-2
Added Pin To Net: NetName=NetDA13_2 Pin=R41-1
Added Pin To Net: NetName=NetDA13_1 Pin=R41-2
Added Pin To Net: NetName=NetR42_1 Pin=R42-1
Added Pin To Net: NetName=SW12 Pin=R42-2
Added Pin To Net: NetName=NetR43_1 Pin=R43-1
Added Pin To Net: NetName=SW34 Pin=R43-2
Added Pin To Net: NetName=NetR44_1 Pin=R44-1
Added Pin To Net: NetName=SW56 Pin=R44-2
Added Pin To Net: NetName=NetDA15_6 Pin=R45-1
Added Pin To Net: NetName=GND Pin=R45-2
Added Pin To Net: NetName=NetDA15_7 Pin=VD1-1
Added Pin To Net: NetName=NetDA15_6 Pin=VD1-3
Added Pin To Net: NetName=GND Pin=VD2-1
Added Pin To Net: NetName=NetDA15_7 Pin=VD2-3
Added Pin To Net: NetName=UphA Pin=XP1-1
Added Pin To Net: NetName=UphB Pin=XP1-2
Added Pin To Net: NetName=UphC Pin=XP1-3
Added Pin To Net: NetName=GND Pin=XP1-4
Added Pin To Net: NetName=Ia Pin=XP2-1
Added Pin To Net: NetName=Ib Pin=XP2-2
Added Pin To Net: NetName=Ic Pin=XP2-3
Added Pin To Net: NetName=GND Pin=XP2-4
Added Pin To Net: NetName=ToIAC Pin=XP3-1
Added Pin To Net: NetName=FromIAC+ Pin=XP3-2
Added Pin To Net: NetName=FromIAC- Pin=XP3-3
Added Pin To Net: NetName=OutIAC Pin=XP3-4
Added Pin To Net: NetName=ToIBC Pin=XP4-1
Added Pin To Net: NetName=FromIBC+ Pin=XP4-2
Added Pin To Net: NetName=FromIBC- Pin=XP4-3
Added Pin To Net: NetName=OutIBC Pin=XP4-4
Added Pin To Net: NetName=ToIA Pin=XP5-1
Added Pin To Net: NetName=FromIA+ Pin=XP5-2
Added Pin To Net: NetName=FromIA- Pin=XP5-3
Added Pin To Net: NetName=Ia Pin=XP5-4
Added Pin To Net: NetName=ToIB Pin=XP6-1
Added Pin To Net: NetName=FromIB+ Pin=XP6-2
Added Pin To Net: NetName=FromIB- Pin=XP6-3
Added Pin To Net: NetName=Ib Pin=XP6-4
Added Pin To Net: NetName=ToUc Pin=XP7-1
Added Pin To Net: NetName=FromUc+ Pin=XP7-2
Added Pin To Net: NetName=FromUc- Pin=XP7-3
Added Pin To Net: NetName=Uc Pin=XP7-4
Added Pin To Net: NetName=NetR42_1 Pin=XP8-1
Added Pin To Net: NetName=NetR43_1 Pin=XP8-2
Added Pin To Net: NetName=NetR44_1 Pin=XP8-3
Added Pin To Net: NetName=GND Pin=XP8-4
Added Pin To Net: NetName=+15 Pin=XP9-1
Added Pin To Net: NetName=-15 Pin=XP9-2
Added Pin To Net: NetName=GND Pin=XP9-3
Added Pin To Net: NetName=+15 Pin=XP10-1
Added Pin To Net: NetName=-15 Pin=XP10-2
Added Pin To Net: NetName=GND Pin=XP10-3
Added Pin To Net: NetName=+15 Pin=XP11-1
Added Pin To Net: NetName=-15 Pin=XP11-2
Added Pin To Net: NetName=GND Pin=XP11-3
Added Pin To Net: NetName=+15 Pin=XP12-1
Added Pin To Net: NetName=-15 Pin=XP12-2
Added Pin To Net: NetName=GND Pin=XP12-3
Added Pin To Net: NetName=+15 Pin=XP13-1
Added Pin To Net: NetName=-15 Pin=XP13-2
Added Pin To Net: NetName=GND Pin=XP13-3
Added Pin To Net: NetName=NetDA15_6 Pin=XP14-1
Added Pin To Net: NetName=NetR38_1 Pin=XP14-2
Added Pin To Net: NetName=Uc Pin=XP14-3
Added Pin To Net: NetName=IM Pin=XP15-1
Added Pin To Net: NetName=GND Pin=XP15-2
Added Pin To Net: NetName=+15 Pin=XP16-1
Added Pin To Net: NetName=-15 Pin=XP16-2
Added Pin To Net: NetName=GND Pin=XP16-3
Added Member To Class: ClassName=ץולא2 Member=Component C1 0,1 לך
Added Member To Class: ClassName=ץולא2 Member=Component C2 0,1 לך
Added Member To Class: ClassName=ץולא2 Member=Component C3 0,1 לך
Added Member To Class: ClassName=ץולא2 Member=Component C4 0,1 לך
Added Member To Class: ClassName=ץולא2 Member=Component C5 0,1 לך
Added Member To Class: ClassName=ץולא2 Member=Component C6 0,1 לך
Added Member To Class: ClassName=ץולא2 Member=Component C7 0,1 לך
Added Member To Class: ClassName=ץולא2 Member=Component C8 0,1 לך
Added Member To Class: ClassName=ץולא2 Member=Component C9 0,1 לך
Added Member To Class: ClassName=ץולא2 Member=Component C10 0,1 לך
Added Member To Class: ClassName=ץולא2 Member=Component C11 0,1 לך
Added Member To Class: ClassName=ץולא2 Member=Component C12 0,1 לך
Added Member To Class: ClassName=ץולא2 Member=Component C13 0,1 לך
Added Member To Class: ClassName=ץולא2 Member=Component C14 0,1 לך
Added Member To Class: ClassName=ץולא2 Member=Component C15 0,1 לך
Added Member To Class: ClassName=ץולא2 Member=Component C16 0,1 לך
Added Member To Class: ClassName=ץולא2 Member=Component C17 0,1 לך
Added Member To Class: ClassName=ץולא2 Member=Component C18 0,1 לך
Added Member To Class: ClassName=ץולא2 Member=Component C19 0,1 לך
Added Member To Class: ClassName=ץולא2 Member=Component C20 0,1 לך
Added Member To Class: ClassName=ץולא2 Member=Component C21 0,1 לך
Added Member To Class: ClassName=ץולא2 Member=Component C22 0,1 לך
Added Member To Class: ClassName=ץולא2 Member=Component C23 0,1 לך
Added Member To Class: ClassName=ץולא2 Member=Component C24 0,1 לך
Added Member To Class: ClassName=ץולא2 Member=Component C25 0,1 לך
Added Member To Class: ClassName=ץולא2 Member=Component C26 0,1 לך
Added Member To Class: ClassName=ץולא2 Member=Component C27 0,1 לך
Added Member To Class: ClassName=ץולא2 Member=Component C28 0,1 לך
Added Member To Class: ClassName=ץולא2 Member=Component C29 0,1 לך
Added Member To Class: ClassName=ץולא2 Member=Component C30 0,1 לך
Added Member To Class: ClassName=ץולא2 Member=Component C31 0,1 לך
Added Member To Class: ClassName=ץולא2 Member=Component C32 0,1 לך
Added Member To Class: ClassName=ץולא2 Member=Component C33 0,1 לך
Added Member To Class: ClassName=ץולא2 Member=Component C34 0,1 לך
Added Member To Class: ClassName=ץולא2 Member=Component C35 0,1 לך
Added Member To Class: ClassName=ץולא2 Member=Component C36 0,1 לך
Added Member To Class: ClassName=ץולא2 Member=Component DA1 OPA2134
Added Member To Class: ClassName=ץולא2 Member=Component DA2 OPA2134
Added Member To Class: ClassName=ץולא2 Member=Component DA3 OPA2134
Added Member To Class: ClassName=ץולא2 Member=Component DA4 ADG419
Added Member To Class: ClassName=ץולא2 Member=Component DA5 ADG419
Added Member To Class: ClassName=ץולא2 Member=Component DA6 OPA2134
Added Member To Class: ClassName=ץולא2 Member=Component DA7 OPA2134
Added Member To Class: ClassName=ץולא2 Member=Component DA8 OPA2134
Added Member To Class: ClassName=ץולא2 Member=Component DA9 OPA2134
Added Member To Class: ClassName=ץולא2 Member=Component DA10 ADG419
Added Member To Class: ClassName=ץולא2 Member=Component DA11 ADG419
Added Member To Class: ClassName=ץולא2 Member=Component DA12 ADG419
Added Member To Class: ClassName=ץולא2 Member=Component DA13 OPA2134
Added Member To Class: ClassName=ץולא2 Member=Component DA14 ADG419
Added Member To Class: ClassName=ץולא2 Member=Component DA15 OPA2134
Added Member To Class: ClassName=ץולא2 Member=Component R1 10 ךל
Added Member To Class: ClassName=ץולא2 Member=Component R2 10 ךל
Added Member To Class: ClassName=ץולא2 Member=Component R3 10 ךל
Added Member To Class: ClassName=ץולא2 Member=Component R4 10 ךל
Added Member To Class: ClassName=ץולא2 Member=Component R5 10 ךל
Added Member To Class: ClassName=ץולא2 Member=Component R6 10 ךל
Added Member To Class: ClassName=ץולא2 Member=Component R7 10 ךל
Added Member To Class: ClassName=ץולא2 Member=Component R8 10 ךל
Added Member To Class: ClassName=ץולא2 Member=Component R9 10 ךל
Added Member To Class: ClassName=ץולא2 Member=Component R10 10 ךל
Added Member To Class: ClassName=ץולא2 Member=Component R11 10 ךל
Added Member To Class: ClassName=ץולא2 Member=Component R12 10 ךל
Added Member To Class: ClassName=ץולא2 Member=Component R13 10 ךל
Added Member To Class: ClassName=ץולא2 Member=Component R14 10 ךל
Added Member To Class: ClassName=ץולא2 Member=Component R15 10 ךל
Added Member To Class: ClassName=ץולא2 Member=Component R16 20 ךל
Added Member To Class: ClassName=ץולא2 Member=Component R17 20 ךל
Added Member To Class: ClassName=ץולא2 Member=Component R18 10 ךל
Added Member To Class: ClassName=ץולא2 Member=Component R19 10 ךל
Added Member To Class: ClassName=ץולא2 Member=Component R20 10 ךל
Added Member To Class: ClassName=ץולא2 Member=Component R21 10 ךל
Added Member To Class: ClassName=ץולא2 Member=Component R22 10 ךל
Added Member To Class: ClassName=ץולא2 Member=Component R23 10 ךל
Added Member To Class: ClassName=ץולא2 Member=Component R24 10 ךל
Added Member To Class: ClassName=ץולא2 Member=Component R25 10 ךל
Added Member To Class: ClassName=ץולא2 Member=Component R26 10 ךל
Added Member To Class: ClassName=ץולא2 Member=Component R27 10 ךל
Added Member To Class: ClassName=ץולא2 Member=Component R28 10 ךל
Added Member To Class: ClassName=ץולא2 Member=Component R29 10 ךל
Added Member To Class: ClassName=ץולא2 Member=Component R30 10 ךל
Added Member To Class: ClassName=ץולא2 Member=Component R31 10 ךל
Added Member To Class: ClassName=ץולא2 Member=Component R32 10 ךל
Added Member To Class: ClassName=ץולא2 Member=Component R33 10 ךל
Added Member To Class: ClassName=ץולא2 Member=Component R34 10 ךל
Added Member To Class: ClassName=ץולא2 Member=Component R35 20 ךל
Added Member To Class: ClassName=ץולא2 Member=Component R36 10 ךל
Added Member To Class: ClassName=ץולא2 Member=Component R37 10 ךל
Added Member To Class: ClassName=ץולא2 Member=Component R38 10 ךל
Added Member To Class: ClassName=ץולא2 Member=Component R39 10 ךל
Added Member To Class: ClassName=ץולא2 Member=Component R40 10 ךל
Added Member To Class: ClassName=ץולא2 Member=Component R41 10 ךל
Added Member To Class: ClassName=ץולא2 Member=Component R42 4,7 ךל
Added Member To Class: ClassName=ץולא2 Member=Component R43 4,7 ךל
Added Member To Class: ClassName=ץולא2 Member=Component R44 4,7 ךל
Added Member To Class: ClassName=ץולא2 Member=Component R45 10 ךל
Added Member To Class: ClassName=ץולא2 Member=Component VD1 BAS16
Added Member To Class: ClassName=ץולא2 Member=Component VD2 BAS16
Added Member To Class: ClassName=ץולא2 Member=Component XP1 PLS-4
Added Member To Class: ClassName=ץולא2 Member=Component XP2 PLS-4
Added Member To Class: ClassName=ץולא2 Member=Component XP3 PLS-4
Added Member To Class: ClassName=ץולא2 Member=Component XP4 PLS-4
Added Member To Class: ClassName=ץולא2 Member=Component XP5 PLS-4
Added Member To Class: ClassName=ץולא2 Member=Component XP6 PLS-4
Added Member To Class: ClassName=ץולא2 Member=Component XP7 PLS-4
Added Member To Class: ClassName=ץולא2 Member=Component XP8 PLS-4
Added Member To Class: ClassName=ץולא2 Member=Component XP9 PLS-3
Added Member To Class: ClassName=ץולא2 Member=Component XP10 PLS-3
Added Member To Class: ClassName=ץולא2 Member=Component XP11 PLS-3
Added Member To Class: ClassName=ץולא2 Member=Component XP12 PLS-3
Added Member To Class: ClassName=ץולא2 Member=Component XP13 PLS-3
Added Member To Class: ClassName=ץולא2 Member=Component XP14 ונולקךא
Added Member To Class: ClassName=ץולא2 Member=Component XP15 PLS-2
Added Member To Class: ClassName=ץולא2 Member=Component XP16 PLS-3
Added Room: Name=ץולא2
