Removed Pin From Net: NetName=GND Pin=C1-1
Removed Pin From Net: NetName=+5 Pin=C1-2
Removed Pin From Net: NetName=+5 Pin=C2-1
Removed Pin From Net: NetName=GND Pin=C2-2
Removed Pin From Net: NetName=GND Pin=C3-2
Removed Pin From Net: NetName=GND Pin=C4-1
Removed Pin From Net: NetName=GND Pin=C5-1
Removed Pin From Net: NetName=GND Pin=C6-1
Removed Pin From Net: NetName=GND Pin=C7-1
Removed Pin From Net: NetName=GND Pin=C8-1
Removed Pin From Net: NetName=GND Pin=C9-1
Removed Pin From Net: NetName=GND Pin=DA1-1
Removed Pin From Net: NetName=+5 Pin=DA1-3
Removed Pin From Net: NetName=GND Pin=R2-1
Removed Pin From Net: NetName=GND Pin=R3-2
Removed Pin From Net: NetName=GND Pin=SB1-1
Removed Pin From Net: NetName=GND Pin=SB1-2
Removed Pin From Net: NetName=GND Pin=U1-8
Removed Pin From Net: NetName=ADC1 Pin=U1-10
Removed Pin From Net: NetName=ADC2 Pin=U1-11
Removed Pin From Net: NetName=ADC3 Pin=U1-12
Removed Pin From Net: NetName=ADC4 Pin=U1-13
Removed Pin From Net: NetName=LED2 Pin=U1-18
Removed Pin From Net: NetName=LED1 Pin=U1-19
Removed Pin From Net: NetName=DTR Pin=U1-20
Removed Pin From Net: NetName=TX_Term Pin=U1-21
Removed Pin From Net: NetName=RX_Term Pin=U1-22
Removed Pin From Net: NetName=GND Pin=U1-23
Removed Pin From Net: NetName=SW3 Pin=U1-26
Removed Pin From Net: NetName=SW2 Pin=U1-27
Removed Pin From Net: NetName=SW1 Pin=U1-28
Removed Pin From Net: NetName=PWM_CH1 Pin=U1-29
Removed Pin From Net: NetName=PWM_CH2 Pin=U1-30
Removed Pin From Net: NetName=PWM_CH3 Pin=U1-31
Removed Pin From Net: NetName=PWM_CH4 Pin=U1-32
Removed Pin From Net: NetName=SWIO Pin=U1-34
Removed Pin From Net: NetName=GND Pin=U1-35
Removed Pin From Net: NetName=SWCLK Pin=U1-37
Removed Pin From Net: NetName=TX Pin=U1-42
Removed Pin From Net: NetName=RX Pin=U1-43
Removed Pin From Net: NetName=GND Pin=U1-47
Removed Member From Class: ClassName=схема Member=C5
Removed Member From Class: ClassName=схема Member=C7
Removed Member From Class: ClassName=схема Member=C8
Removed Member From Class: ClassName=схема Member=C11
Removed Member From Class: ClassName=схема Member=C12
Removed Member From Class: ClassName=схема Member=R2
Removed Member From Class: ClassName=схема Member=R3
Removed Member From Class: ClassName=схема Member=R5
Removed Member From Class: ClassName=схема Member=U1
Removed Member From Class: ClassName=схема Member=ZX1
Added Component: Designator=A1(BluePill)
Add component. Clean all parameters for all variants
Added Pin To Net: NetName=3V3 Pin=A1-2
Added Pin To Net: NetName=+5 Pin=A1-6
Added Pin To Net: NetName=ADC1 Pin=A1-9
Added Pin To Net: NetName=ADC2 Pin=A1-11
Added Pin To Net: NetName=TX Pin=A1-12
Added Pin To Net: NetName=ADC3 Pin=A1-13
Added Pin To Net: NetName=RX Pin=A1-14
Added Pin To Net: NetName=ADC4 Pin=A1-15
Added Pin To Net: NetName=LED1 Pin=A1-23
Added Pin To Net: NetName=LED2 Pin=A1-25
Added Pin To Net: NetName=PWM_CH4 Pin=A1-26
Added Pin To Net: NetName=DTR Pin=A1-27
Added Pin To Net: NetName=PWM_CH3 Pin=A1-28
Added Pin To Net: NetName=TX_Term Pin=A1-29
Added Pin To Net: NetName=PWM_CH2 Pin=A1-30
Added Pin To Net: NetName=RX_Term Pin=A1-31
Added Pin To Net: NetName=PWM_CH1 Pin=A1-32
Added Pin To Net: NetName=SW3 Pin=A1-34
Added Pin To Net: NetName=SW2 Pin=A1-36
Added Pin To Net: NetName=SW1 Pin=A1-38
Added Member To Class: ClassName=схема Member=Component A1 BluePill
Added Room: Name=схема
