Removed Pin From Net: NetName=ToIBC Pin=DA6-1
Removed Pin From Net: NetName=NetDA6_6 Pin=R21-1
Removed Pin From Net: NetName=NetDA6_5 Pin=R22-1
Removed Pin From Net: NetName=NetDA6_3 Pin=R23-1
Removed Pin From Net: NetName=NetDA6_5 Pin=R25-2
Removed Pin From Net: NetName=NetDA6_3 Pin=R26-2
Removed Pin From Net: NetName=NetDA6_6 Pin=R28-2
Removed Pin From Net: NetName=NetDA6_2 Pin=R29-2
Removed Pin From Net: NetName=NetDA6_2 Pin=R30-1
Added Pin To Net: NetName=ToIBC Pin=DA6-7
Added Pin To Net: NetName=NetDA6_2 Pin=R21-1
Added Pin To Net: NetName=NetDA6_3 Pin=R22-1
Added Pin To Net: NetName=NetDA6_5 Pin=R23-1
Added Pin To Net: NetName=NetDA6_3 Pin=R25-2
Added Pin To Net: NetName=NetDA6_5 Pin=R26-2
Added Pin To Net: NetName=NetDA6_2 Pin=R28-2
Added Pin To Net: NetName=NetDA6_6 Pin=R29-2
Added Pin To Net: NetName=NetDA6_6 Pin=R30-1
Added Pin To Net: NetName=NetDA6_1 Pin=DA6-1
Added Pin To Net: NetName=NetDA6_1 Pin=R21-2
Added Pin To Net: NetName=NetDA6_1 Pin=R26-1
Added Net: Name=NetDA6_1
