Added Component: Designator=C1(RE_0805)
Add component. Clean all parameters for all variants
Added Component: Designator=C2(CAP ALSMD 4.3MM H5.4MM)
Add component. Clean all parameters for all variants
Added Component: Designator=C3(CAP ALSMD 5.3MM H5.4MM)
Add component. Clean all parameters for all variants
Added Component: Designator=C4(RE_0805)
Add component. Clean all parameters for all variants
Added Component: Designator=C5(RE_0805)
Add component. Clean all parameters for all variants
Added Component: Designator=C6(RE_0805)
Add component. Clean all parameters for all variants
Added Component: Designator=C7(RE_0805)
Add component. Clean all parameters for all variants
Added Component: Designator=C8(RE_0805)
Add component. Clean all parameters for all variants
Added Component: Designator=C9(RE_0805)
Add component. Clean all parameters for all variants
Added Component: Designator=C10(RE_0805)
Add component. Clean all parameters for all variants
Added Component: Designator=C11(RE_0805)
Add component. Clean all parameters for all variants
Added Component: Designator=C12(RE_0805)
Add component. Clean all parameters for all variants
Added Component: Designator=C13(RE_0805)
Add component. Clean all parameters for all variants
Added Component: Designator=C14(RE_0805)
Add component. Clean all parameters for all variants
Added Component: Designator=C15(RE_0805)
Add component. Clean all parameters for all variants
Added Component: Designator=C16(RE_0805)
Add component. Clean all parameters for all variants
Added Component: Designator=C17(RE_0805)
Add component. Clean all parameters for all variants
Added Component: Designator=C18(RE_0805)
Add component. Clean all parameters for all variants
Added Component: Designator=C19(RE_0805)
Add component. Clean all parameters for all variants
Added Component: Designator=C20(RE_0805)
Add component. Clean all parameters for all variants
Added Component: Designator=C21(RE_0805)
Add component. Clean all parameters for all variants
Added Component: Designator=C22(RE_0805)
Add component. Clean all parameters for all variants
Added Component: Designator=C23(RE_0805)
Add component. Clean all parameters for all variants
Added Component: Designator=C24(RE_0805)
Add component. Clean all parameters for all variants
Added Component: Designator=C25(RE_0805)
Add component. Clean all parameters for all variants
Added Component: Designator=C26(RE_0805)
Add component. Clean all parameters for all variants
Added Component: Designator=C27(RE_0805)
Add component. Clean all parameters for all variants
Added Component: Designator=C28(RE_0805)
Add component. Clean all parameters for all variants
Added Component: Designator=C29(RE_0805)
Add component. Clean all parameters for all variants
Added Component: Designator=C30(RE_0805)
Add component. Clean all parameters for all variants
Added Component: Designator=C31(RE_0805)
Add component. Clean all parameters for all variants
Added Component: Designator=C32(RE_0805)
Add component. Clean all parameters for all variants
Added Component: Designator=C33(RE_0805)
Add component. Clean all parameters for all variants
Added Component: Designator=C34(RE_0805)
Add component. Clean all parameters for all variants
Added Component: Designator=C35(RE_0805)
Add component. Clean all parameters for all variants
Added Component: Designator=C36(RE_0805)
Add component. Clean all parameters for all variants
Added Component: Designator=C37(RE_0805)
Add component. Clean all parameters for all variants
Added Component: Designator=C38(RE_0805)
Add component. Clean all parameters for all variants
Added Component: Designator=C39(RE_0805)
Add component. Clean all parameters for all variants
Added Component: Designator=C40(RE_0805)
Add component. Clean all parameters for all variants
Added Component: Designator=C41(RE_0805)
Add component. Clean all parameters for all variants
Added Component: Designator=C42(RE_0805)
Add component. Clean all parameters for all variants
Added Component: Designator=C43(RE_0805)
Add component. Clean all parameters for all variants
Added Component: Designator=C44(RE_0805)
Add component. Clean all parameters for all variants
Added Component: Designator=C45(RE_0805)
Add component. Clean all parameters for all variants
Added Component: Designator=C46(RE_0805)
Add component. Clean all parameters for all variants
Added Component: Designator=C47(RE_0805)
Add component. Clean all parameters for all variants
Added Component: Designator=C48(RE_0805)
Add component. Clean all parameters for all variants
Added Component: Designator=C49(RE_0805)
Add component. Clean all parameters for all variants
Added Component: Designator=C50(RE_0805)
Add component. Clean all parameters for all variants
Added Component: Designator=C51(RE_0805)
Add component. Clean all parameters for all variants
Added Component: Designator=C52(RE_0805)
Add component. Clean all parameters for all variants
Added Component: Designator=C53(RE_0805)
Add component. Clean all parameters for all variants
Added Component: Designator=DA1(SC_SOT223)
Add component. Clean all parameters for all variants
Added Component: Designator=DA2(SC_SOIC8)
Add component. Clean all parameters for all variants
Added Component: Designator=DA3(SC_SOIC8)
Add component. Clean all parameters for all variants
Added Component: Designator=DA4(SC_SOIC8)
Add component. Clean all parameters for all variants
Added Component: Designator=DA5(SC_SOIC8)
Add component. Clean all parameters for all variants
Added Component: Designator=DA7(SC_SOIC8)
Add component. Clean all parameters for all variants
Added Component: Designator=DA8(SC_SOIC8)
Add component. Clean all parameters for all variants
Added Component: Designator=DA9(SC_SOIC8)
Add component. Clean all parameters for all variants
Added Component: Designator=DA10(SC_SOIC8)
Add component. Clean all parameters for all variants
Added Component: Designator=DA11(SC_SOIC8)
Add component. Clean all parameters for all variants
Added Component: Designator=DA12(SC_SOIC8)
Add component. Clean all parameters for all variants
Added Component: Designator=DA13(SC_SOIC8)
Add component. Clean all parameters for all variants
Added Component: Designator=DA14(SC_SOIC8)
Add component. Clean all parameters for all variants
Added Component: Designator=DA15(SC_SOIC8)
Add component. Clean all parameters for all variants
Added Component: Designator=DA16(SC_SOIC8)
Add component. Clean all parameters for all variants
Added Component: Designator=DA17(SC_SOIC8)
Add component. Clean all parameters for all variants
Added Component: Designator=DA18(SC_SOIC8)
Add component. Clean all parameters for all variants
Added Component: Designator=HL1(DI_LED_0805)
Add component. Clean all parameters for all variants
Added Component: Designator=HL2(DI_LED_0805)
Add component. Clean all parameters for all variants
Added Component: Designator=R1(RE_0805)
Add component. Clean all parameters for all variants
Added Component: Designator=R2(RE_0805)
Add component. Clean all parameters for all variants
Added Component: Designator=R3(RE_0805)
Add component. Clean all parameters for all variants
Added Component: Designator=R4(RE_0805)
Add component. Clean all parameters for all variants
Added Component: Designator=R5(RE_0805)
Add component. Clean all parameters for all variants
Added Component: Designator=R6(RE_0805)
Add component. Clean all parameters for all variants
Added Component: Designator=R7(RE_0805)
Add component. Clean all parameters for all variants
Added Component: Designator=R8(RE_0805)
Add component. Clean all parameters for all variants
Added Component: Designator=R9(RE_0805)
Add component. Clean all parameters for all variants
Added Component: Designator=R10(RE_0805)
Add component. Clean all parameters for all variants
Added Component: Designator=R11(RE_0805)
Add component. Clean all parameters for all variants
Added Component: Designator=R12(RE_0805)
Add component. Clean all parameters for all variants
Added Component: Designator=R13(RE_0805)
Add component. Clean all parameters for all variants
Added Component: Designator=R14(RE_0805)
Add component. Clean all parameters for all variants
Added Component: Designator=R15(RE_0805)
Add component. Clean all parameters for all variants
Added Component: Designator=R16(RE_0805)
Add component. Clean all parameters for all variants
Added Component: Designator=R17(RE_0805)
Add component. Clean all parameters for all variants
Added Component: Designator=R18(RE_0805)
Add component. Clean all parameters for all variants
Added Component: Designator=R19(RE_0805)
Add component. Clean all parameters for all variants
Added Component: Designator=R20(RE_0805)
Add component. Clean all parameters for all variants
Added Component: Designator=R21(RE_0805)
Add component. Clean all parameters for all variants
Added Component: Designator=R22(RE_0805)
Add component. Clean all parameters for all variants
Added Component: Designator=R23(RE_0805)
Add component. Clean all parameters for all variants
Added Component: Designator=R24(RE_0805)
Add component. Clean all parameters for all variants
Added Component: Designator=R25(RE_0805)
Add component. Clean all parameters for all variants
Added Component: Designator=R26(RE_0805)
Add component. Clean all parameters for all variants
Added Component: Designator=R27(RE_0805)
Add component. Clean all parameters for all variants
Added Component: Designator=R28(RE_0805)
Add component. Clean all parameters for all variants
Added Component: Designator=R29(RE_0805)
Add component. Clean all parameters for all variants
Added Component: Designator=R30(RE_0805)
Add component. Clean all parameters for all variants
Added Component: Designator=R31(RE_0805)
Add component. Clean all parameters for all variants
Added Component: Designator=R32(RE_0805)
Add component. Clean all parameters for all variants
Added Component: Designator=R33(RE_0805)
Add component. Clean all parameters for all variants
Added Component: Designator=R34(RE_0805)
Add component. Clean all parameters for all variants
Added Component: Designator=R35(RE_0805)
Add component. Clean all parameters for all variants
Added Component: Designator=R36(RE_0805)
Add component. Clean all parameters for all variants
Added Component: Designator=R37(RE_0805)
Add component. Clean all parameters for all variants
Added Component: Designator=R38(RE_0805)
Add component. Clean all parameters for all variants
Added Component: Designator=R39(RE_0805)
Add component. Clean all parameters for all variants
Added Component: Designator=R40(RE_0805)
Add component. Clean all parameters for all variants
Added Component: Designator=R41(RE_0805)
Add component. Clean all parameters for all variants
Added Component: Designator=R42(RE_0805)
Add component. Clean all parameters for all variants
Added Component: Designator=R43(RE_0805)
Add component. Clean all parameters for all variants
Added Component: Designator=R44(RE_0805)
Add component. Clean all parameters for all variants
Added Component: Designator=R45(RE_0805)
Add component. Clean all parameters for all variants
Added Component: Designator=R46(RE_0805)
Add component. Clean all parameters for all variants
Added Component: Designator=R47(RE_0805)
Add component. Clean all parameters for all variants
Added Component: Designator=R48(RE_0805)
Add component. Clean all parameters for all variants
Added Component: Designator=R49(RE_0805)
Add component. Clean all parameters for all variants
Added Component: Designator=R50(RE_0805)
Add component. Clean all parameters for all variants
Added Component: Designator=R51(RE_0805)
Add component. Clean all parameters for all variants
Added Component: Designator=R52(RE_0805)
Add component. Clean all parameters for all variants
Added Component: Designator=R53(RE_0805)
Add component. Clean all parameters for all variants
Added Component: Designator=R54(RE_0805)
Add component. Clean all parameters for all variants
Added Component: Designator=R55(RE_0805)
Add component. Clean all parameters for all variants
Added Component: Designator=R56(RE_0805)
Add component. Clean all parameters for all variants
Added Component: Designator=R57(RE_0805)
Add component. Clean all parameters for all variants
Added Component: Designator=R58(RE_0805)
Add component. Clean all parameters for all variants
Added Component: Designator=R59(RE_0805)
Add component. Clean all parameters for all variants
Added Component: Designator=R60(RE_0805)
Add component. Clean all parameters for all variants
Added Component: Designator=SB1( нопка)
Add component. Clean all parameters for all variants
Added Component: Designator=U1(QFP50P900X900X160-48N)
Add component. Clean all parameters for all variants
Add component (AddParameter): Name = "Availability"; Value = "Unavailable"; VariantName = "[No Variations]"
Add component (AddParameter): Name = "MF"; Value = ""; VariantName = "[No Variations]"
Add component (AddParameter): Name = "MP"; Value = "STM32F103C8T6"; VariantName = "[No Variations]"
Add component (AddParameter): Name = "Package"; Value = "None"; VariantName = "[No Variations]"
Add component (AddParameter): Name = "Price"; Value = "None"; VariantName = "[No Variations]"
Add component (AddParameter): Name = "Value"; Value = ""; VariantName = "[No Variations]"
Added Component: Designator=XP1(PLS4)
Add component. Clean all parameters for all variants
Added Component: Designator=XP2(PLS3)
Add component. Clean all parameters for all variants
Added Component: Designator=XP3(PLS4)
Add component. Clean all parameters for all variants
Added Component: Designator=XP4(PLS4)
Add component. Clean all parameters for all variants
Added Component: Designator=XP5(PLS4)
Add component. Clean all parameters for all variants
Added Component: Designator=ZX1(HC-49SM)
Add component. Clean all parameters for all variants
Added Pin To Net: NetName=GND Pin=C1-1
Added Pin To Net: NetName=+5 Pin=C1-2
Added Pin To Net: NetName=+5 Pin=C2-1
Added Pin To Net: NetName=GND Pin=C2-2
Added Pin To Net: NetName=GND Pin=C3-2
Added Pin To Net: NetName=GND Pin=C4-1
Added Pin To Net: NetName=GND Pin=C5-1
Added Pin To Net: NetName=GND Pin=C6-1
Added Pin To Net: NetName=GND Pin=C7-1
Added Pin To Net: NetName=GND Pin=C8-1
Added Pin To Net: NetName=GND Pin=C9-1
Added Pin To Net: NetName=GND Pin=C10-1
Added Pin To Net: NetName=+15 Pin=C13-1
Added Pin To Net: NetName=GND Pin=C13-2
Added Pin To Net: NetName=NetC14_2 Pin=C14-2
Added Pin To Net: NetName=GND Pin=C15-1
Added Pin To Net: NetName=+15 Pin=C15-2
Added Pin To Net: NetName=GND Pin=C16-1
Added Pin To Net: NetName=-15 Pin=C16-2
Added Pin To Net: NetName=GND Pin=C17-1
Added Pin To Net: NetName=GND Pin=C18-1
Added Pin To Net: NetName=GND Pin=C19-1
Added Pin To Net: NetName=+15 Pin=C19-2
Added Pin To Net: NetName=GND Pin=C20-1
Added Pin To Net: NetName=-15 Pin=C20-2
Added Pin To Net: NetName=GND Pin=C21-1
Added Pin To Net: NetName=GND Pin=C22-1
Added Pin To Net: NetName=+15 Pin=C22-2
Added Pin To Net: NetName=GND Pin=C23-1
Added Pin To Net: NetName=+5 Pin=C23-2
Added Pin To Net: NetName=GND Pin=C24-1
Added Pin To Net: NetName=+15 Pin=C24-2
Added Pin To Net: NetName=GND Pin=C25-1
Added Pin To Net: NetName=-15 Pin=C25-2
Added Pin To Net: NetName=+15 Pin=C26-1
Added Pin To Net: NetName=GND Pin=C26-2
Added Pin To Net: NetName=GND Pin=C28-1
Added Pin To Net: NetName=GND Pin=C29-1
Added Pin To Net: NetName=+15 Pin=C29-2
Added Pin To Net: NetName=GND Pin=C30-1
Added Pin To Net: NetName=-15 Pin=C30-2
Added Pin To Net: NetName=GND Pin=C31-1
Added Pin To Net: NetName=GND Pin=C32-1
Added Pin To Net: NetName=+15 Pin=C32-2
Added Pin To Net: NetName=GND Pin=C33-1
Added Pin To Net: NetName=-15 Pin=C33-2
Added Pin To Net: NetName=GND Pin=C34-1
Added Pin To Net: NetName=+15 Pin=C34-2
Added Pin To Net: NetName=GND Pin=C35-1
Added Pin To Net: NetName=-15 Pin=C35-2
Added Pin To Net: NetName=GND Pin=C36-1
Added Pin To Net: NetName=+15 Pin=C36-2
Added Pin To Net: NetName=GND Pin=C37-1
Added Pin To Net: NetName=+5 Pin=C37-2
Added Pin To Net: NetName=+15 Pin=C38-1
Added Pin To Net: NetName=GND Pin=C38-2
Added Pin To Net: NetName=GND Pin=C40-1
Added Pin To Net: NetName=GND Pin=C41-1
Added Pin To Net: NetName=GND Pin=C42-1
Added Pin To Net: NetName=+15 Pin=C42-2
Added Pin To Net: NetName=GND Pin=C43-1
Added Pin To Net: NetName=-15 Pin=C43-2
Added Pin To Net: NetName=GND Pin=C44-1
Added Pin To Net: NetName=+15 Pin=C44-2
Added Pin To Net: NetName=GND Pin=C45-1
Added Pin To Net: NetName=-15 Pin=C45-2
Added Pin To Net: NetName=GND Pin=C46-1
Added Pin To Net: NetName=GND Pin=C47-1
Added Pin To Net: NetName=+15 Pin=C47-2
Added Pin To Net: NetName=GND Pin=C48-1
Added Pin To Net: NetName=-15 Pin=C48-2
Added Pin To Net: NetName=GND Pin=C50-1
Added Pin To Net: NetName=+15 Pin=C50-2
Added Pin To Net: NetName=GND Pin=C51-1
Added Pin To Net: NetName=+5 Pin=C51-2
Added Pin To Net: NetName=GND Pin=C52-1
Added Pin To Net: NetName=GND Pin=C53-2
Added Pin To Net: NetName=GND Pin=DA1-1
Added Pin To Net: NetName=+5 Pin=DA1-3
Added Pin To Net: NetName=GND Pin=DA2-1
Added Pin To Net: NetName=GND Pin=DA2-4
Added Pin To Net: NetName=GND Pin=DA2-5
Added Pin To Net: NetName=GND Pin=DA2-6
Added Pin To Net: NetName=NetDA2_7 Pin=DA2-7
Added Pin To Net: NetName=+15 Pin=DA2-8
Added Pin To Net: NetName=NetDA3_1 Pin=DA3-1
Added Pin To Net: NetName=NetDA3_1 Pin=DA3-2
Added Pin To Net: NetName=NetDA2_7 Pin=DA3-3
Added Pin To Net: NetName=-15 Pin=DA3-4
Added Pin To Net: NetName=GND Pin=DA3-5
Added Pin To Net: NetName=NetDA3_6 Pin=DA3-6
Added Pin To Net: NetName=NetDA3_7 Pin=DA3-7
Added Pin To Net: NetName=+15 Pin=DA3-8
Added Pin To Net: NetName=GND Pin=DA4-3
Added Pin To Net: NetName=-15 Pin=DA4-4
Added Pin To Net: NetName=GND Pin=DA4-5
Added Pin To Net: NetName=NetC14_2 Pin=DA4-7
Added Pin To Net: NetName=+15 Pin=DA4-8
Added Pin To Net: NetName=NetDA5_1 Pin=DA5-1
Added Pin To Net: NetName=NetDA5_2 Pin=DA5-2
Added Pin To Net: NetName=-15 Pin=DA5-4
Added Pin To Net: NetName=NetDA5_6 Pin=DA5-6
Added Pin To Net: NetName=NetDA5_6 Pin=DA5-7
Added Pin To Net: NetName=+15 Pin=DA5-8
Added Pin To Net: NetName=NetDA3_1 Pin=DA7-2
Added Pin To Net: NetName=GND Pin=DA7-3
Added Pin To Net: NetName=+15 Pin=DA7-4
Added Pin To Net: NetName=+5 Pin=DA7-5
Added Pin To Net: NetName=NetDA7_6 Pin=DA7-6
Added Pin To Net: NetName=-15 Pin=DA7-7
Added Pin To Net: NetName=NetDA3_7 Pin=DA7-8
Added Pin To Net: NetName=GND Pin=DA8-1
Added Pin To Net: NetName=GND Pin=DA8-4
Added Pin To Net: NetName=GND Pin=DA8-5
Added Pin To Net: NetName=GND Pin=DA8-6
Added Pin To Net: NetName=+15 Pin=DA8-8
Added Pin To Net: NetName=-15 Pin=DA9-4
Added Pin To Net: NetName=GND Pin=DA9-5
Added Pin To Net: NetName=+15 Pin=DA9-8
Added Pin To Net: NetName=GND Pin=DA10-3
Added Pin To Net: NetName=-15 Pin=DA10-4
Added Pin To Net: NetName=GND Pin=DA10-5
Added Pin To Net: NetName=+15 Pin=DA10-8
Added Pin To Net: NetName=-15 Pin=DA11-4
Added Pin To Net: NetName=+15 Pin=DA11-8
Added Pin To Net: NetName=GND Pin=DA12-3
Added Pin To Net: NetName=+15 Pin=DA12-4
Added Pin To Net: NetName=+5 Pin=DA12-5
Added Pin To Net: NetName=-15 Pin=DA12-7
Added Pin To Net: NetName=GND Pin=DA13-1
Added Pin To Net: NetName=GND Pin=DA13-4
Added Pin To Net: NetName=GND Pin=DA13-5
Added Pin To Net: NetName=GND Pin=DA13-6
Added Pin To Net: NetName=+15 Pin=DA13-8
Added Pin To Net: NetName=GND Pin=DA14-3
Added Pin To Net: NetName=-15 Pin=DA14-4
Added Pin To Net: NetName=GND Pin=DA14-5
Added Pin To Net: NetName=+15 Pin=DA14-8
Added Pin To Net: NetName=-15 Pin=DA15-4
Added Pin To Net: NetName=GND Pin=DA15-5
Added Pin To Net: NetName=+15 Pin=DA15-8
Added Pin To Net: NetName=-15 Pin=DA16-4
Added Pin To Net: NetName=+15 Pin=DA16-8
Added Pin To Net: NetName=GND Pin=DA17-2
Added Pin To Net: NetName=GND Pin=DA17-4
Added Pin To Net: NetName=GND Pin=DA18-3
Added Pin To Net: NetName=+15 Pin=DA18-4
Added Pin To Net: NetName=+5 Pin=DA18-5
Added Pin To Net: NetName=-15 Pin=DA18-7
Added Pin To Net: NetName=GND Pin=HL1-2
Added Pin To Net: NetName=GND Pin=HL2-2
Added Pin To Net: NetName=GND Pin=R2-1
Added Pin To Net: NetName=GND Pin=R3-2
Added Pin To Net: NetName=NetDA3_6 Pin=R7-1
Added Pin To Net: NetName=NetDA3_7 Pin=R7-2
Added Pin To Net: NetName=+15 Pin=R8-1
Added Pin To Net: NetName=NetDA2_7 Pin=R8-2
Added Pin To Net: NetName=NetDA3_1 Pin=R9-1
Added Pin To Net: NetName=NetDA3_6 Pin=R9-2
Added Pin To Net: NetName=NetC14_2 Pin=R11-2
Added Pin To Net: NetName=GND Pin=R13-1
Added Pin To Net: NetName=NetC14_2 Pin=R14-1
Added Pin To Net: NetName=NetDA5_6 Pin=R17-2
Added Pin To Net: NetName=NetDA6_6 Pin=R18-2
Added Pin To Net: NetName=GND Pin=R20-1
Added Pin To Net: NetName=NetDA5_2 Pin=R21-1
Added Pin To Net: NetName=GND Pin=R21-2
Added Pin To Net: NetName=NetDA5_1 Pin=R22-1
Added Pin To Net: NetName=NetDA5_2 Pin=R22-2
Added Pin To Net: NetName=NetDA7_6 Pin=R23-1
Added Pin To Net: NetName=+15 Pin=R25-1
Added Pin To Net: NetName=GND Pin=R30-1
Added Pin To Net: NetName=GND Pin=R37-1
Added Pin To Net: NetName=GND Pin=R38-2
Added Pin To Net: NetName=+15 Pin=R43-1
Added Pin To Net: NetName=GND Pin=R46-1
Added Pin To Net: NetName=GND Pin=R54-1
Added Pin To Net: NetName=GND Pin=R55-2
Added Pin To Net: NetName=GND Pin=SB1-1
Added Pin To Net: NetName=GND Pin=SB1-2
Added Pin To Net: NetName=GND Pin=U1-8
Added Pin To Net: NetName=GND Pin=U1-23
Added Pin To Net: NetName=GND Pin=U1-35
Added Pin To Net: NetName=GND Pin=U1-47
Added Pin To Net: NetName=+15 Pin=XP1-1
Added Pin To Net: NetName=-15 Pin=XP1-2
Added Pin To Net: NetName=+5 Pin=XP1-3
Added Pin To Net: NetName=GND Pin=XP1-4
Added Pin To Net: NetName=GND Pin=XP2-3
Added Pin To Net: NetName=GND Pin=XP3-4
Added Pin To Net: NetName=GND Pin=XP4-4
Added Pin To Net: NetName=GND Pin=XP5-4
Added Pin To Net: NetName=+3V3 Pin=C3-1
Added Pin To Net: NetName=+3V3 Pin=C4-2
Added Pin To Net: NetName=+3V3 Pin=C5-2
Added Pin To Net: NetName=+3V3 Pin=C6-2
Added Pin To Net: NetName=+3V3 Pin=C7-2
Added Pin To Net: NetName=+3V3 Pin=C8-2
Added Pin To Net: NetName=+3V3 Pin=DA1-2
Added Pin To Net: NetName=+3V3 Pin=R1-1
Added Pin To Net: NetName=+3V3 Pin=U1-9
Added Pin To Net: NetName=+3V3 Pin=U1-24
Added Pin To Net: NetName=+3V3 Pin=U1-36
Added Pin To Net: NetName=+3V3 Pin=U1-48
Added Net: Name=+3V3
Added Pin To Net: NetName=1V65 Pin=C49-2
Added Pin To Net: NetName=1V65 Pin=DA2-3
Added Pin To Net: NetName=1V65 Pin=DA8-3
Added Pin To Net: NetName=1V65 Pin=DA13-3
Added Pin To Net: NetName=1V65 Pin=DA17-1
Added Pin To Net: NetName=1V65 Pin=R19-2
Added Pin To Net: NetName=1V65 Pin=R36-2
Added Pin To Net: NetName=1V65 Pin=R53-2
Added Pin To Net: NetName=1V65 Pin=R60-2
Added Net: Name=1V65
Added Pin To Net: NetName=3V3 Pin=C10-2
Added Pin To Net: NetName=3V3 Pin=C21-2
Added Pin To Net: NetName=3V3 Pin=C46-2
Added Pin To Net: NetName=3V3 Pin=DA17-8
Added Pin To Net: NetName=3V3 Pin=XP3-1
Added Net: Name=3V3
Added Pin To Net: NetName=ADC1 Pin=C18-2
Added Pin To Net: NetName=ADC1 Pin=R18-1
Added Pin To Net: NetName=ADC1 Pin=U1-10
Added Net: Name=ADC1
Added Pin To Net: NetName=ADC2 Pin=C31-2
Added Pin To Net: NetName=ADC2 Pin=R35-1
Added Pin To Net: NetName=ADC2 Pin=U1-11
Added Net: Name=ADC2
Added Pin To Net: NetName=ADC3 Pin=C41-2
Added Pin To Net: NetName=ADC3 Pin=R52-1
Added Pin To Net: NetName=ADC3 Pin=U1-12
Added Net: Name=ADC3
Added Pin To Net: NetName=ADC4 Pin=C52-2
Added Pin To Net: NetName=ADC4 Pin=R60-1
Added Pin To Net: NetName=ADC4 Pin=U1-13
Added Net: Name=ADC4
Added Pin To Net: NetName=BOOT0 Pin=R2-2
Added Pin To Net: NetName=BOOT0 Pin=U1-44
Added Net: Name=BOOT0
Added Pin To Net: NetName=BOOT1 Pin=R3-1
Added Pin To Net: NetName=BOOT1 Pin=U1-39
Added Net: Name=BOOT1
Added Pin To Net: NetName=DTR Pin=U1-20
Added Pin To Net: NetName=DTR Pin=XP5-3
Added Net: Name=DTR
Added Pin To Net: NetName=LED1 Pin=R4-1
Added Pin To Net: NetName=LED1 Pin=U1-2
Added Net: Name=LED1
Added Pin To Net: NetName=LED2 Pin=R6-1
Added Pin To Net: NetName=LED2 Pin=U1-3
Added Net: Name=LED2
Added Pin To Net: NetName=NetC11_1 Pin=C11-1
Added Pin To Net: NetName=NetC11_1 Pin=R5-2
Added Pin To Net: NetName=NetC11_1 Pin=U1-5
Added Pin To Net: NetName=NetC11_1 Pin=ZX1-2
Added Net: Name=NetC11_1
Added Pin To Net: NetName=NetC11_2 Pin=C11-2
Added Pin To Net: NetName=NetC11_2 Pin=C12-2
Added Net: Name=NetC11_2
Added Pin To Net: NetName=NetC12_1 Pin=C12-1
Added Pin To Net: NetName=NetC12_1 Pin=R5-1
Added Pin To Net: NetName=NetC12_1 Pin=U1-6
Added Pin To Net: NetName=NetC12_1 Pin=ZX1-1
Added Net: Name=NetC12_1
Added Pin To Net: NetName=NetC14_1 Pin=C14-1
Added Pin To Net: NetName=NetC14_1 Pin=DA4-6
Added Pin To Net: NetName=NetC14_1 Pin=R16-2
Added Net: Name=NetC14_1
Added Pin To Net: NetName=NetC17_2 Pin=C17-2
Added Pin To Net: NetName=NetC17_2 Pin=R11-1
Added Pin To Net: NetName=NetC17_2 Pin=R15-2
Added Pin To Net: NetName=NetC17_2 Pin=R16-1
Added Net: Name=NetC17_2
Added Pin To Net: NetName=NetC27_1 Pin=C27-1
Added Pin To Net: NetName=NetC27_1 Pin=DA10-6
Added Pin To Net: NetName=NetC27_1 Pin=R33-2
Added Net: Name=NetC27_1
Added Pin To Net: NetName=NetC27_2 Pin=C27-2
Added Pin To Net: NetName=NetC27_2 Pin=DA10-7
Added Pin To Net: NetName=NetC27_2 Pin=R27-2
Added Pin To Net: NetName=NetC27_2 Pin=R31-1
Added Net: Name=NetC27_2
Added Pin To Net: NetName=NetC28_2 Pin=C28-2
Added Pin To Net: NetName=NetC28_2 Pin=R27-1
Added Pin To Net: NetName=NetC28_2 Pin=R32-2
Added Pin To Net: NetName=NetC28_2 Pin=R33-1
Added Net: Name=NetC28_2
Added Pin To Net: NetName=NetC39_1 Pin=C39-1
Added Pin To Net: NetName=NetC39_1 Pin=DA15-6
Added Pin To Net: NetName=NetC39_1 Pin=R50-2
Added Net: Name=NetC39_1
Added Pin To Net: NetName=NetC39_2 Pin=C39-2
Added Pin To Net: NetName=NetC39_2 Pin=DA15-7
Added Pin To Net: NetName=NetC39_2 Pin=R44-2
Added Pin To Net: NetName=NetC39_2 Pin=R48-1
Added Net: Name=NetC39_2
Added Pin To Net: NetName=NetC40_2 Pin=C40-2
Added Pin To Net: NetName=NetC40_2 Pin=R44-1
Added Pin To Net: NetName=NetC40_2 Pin=R49-2
Added Pin To Net: NetName=NetC40_2 Pin=R50-1
Added Net: Name=NetC40_2
Added Pin To Net: NetName=NetC49_1 Pin=C49-1
Added Pin To Net: NetName=NetC49_1 Pin=R58-2
Added Pin To Net: NetName=NetC49_1 Pin=R59-1
Added Net: Name=NetC49_1
Added Pin To Net: NetName=NetC53_1 Pin=C53-1
Added Pin To Net: NetName=NetC53_1 Pin=DA17-3
Added Pin To Net: NetName=NetC53_1 Pin=R59-2
Added Net: Name=NetC53_1
Added Pin To Net: NetName=NetDA4_2 Pin=DA4-2
Added Pin To Net: NetName=NetDA4_2 Pin=R10-1
Added Pin To Net: NetName=NetDA4_2 Pin=R14-2
Added Net: Name=NetDA4_2
Added Pin To Net: NetName=NetDA5_3 Pin=DA5-3
Added Pin To Net: NetName=NetDA5_3 Pin=R13-2
Added Pin To Net: NetName=NetDA5_3 Pin=R17-1
Added Pin To Net: NetName=NetDA5_3 Pin=R19-1
Added Net: Name=NetDA5_3
Added Pin To Net: NetName=NetDA5_5 Pin=DA5-5
Added Pin To Net: NetName=NetDA5_5 Pin=R12-1
Added Pin To Net: NetName=NetDA5_5 Pin=R20-2
Added Net: Name=NetDA5_5
Added Pin To Net: NetName=NetDA6_1 Pin=R35-2
Added Net: Name=NetDA6_1
Added Pin To Net: NetName=NetDA6_3 Pin=DA11-1
Added Pin To Net: NetName=NetDA6_3 Pin=R39-1
Added Net: Name=NetDA6_3
Added Pin To Net: NetName=NetDA8_7 Pin=DA8-7
Added Pin To Net: NetName=NetDA8_7 Pin=DA9-3
Added Pin To Net: NetName=NetDA8_7 Pin=R25-2
Added Net: Name=NetDA8_7
Added Pin To Net: NetName=NetDA9_1 Pin=DA9-1
Added Pin To Net: NetName=NetDA9_1 Pin=DA9-2
Added Pin To Net: NetName=NetDA9_1 Pin=DA12-2
Added Pin To Net: NetName=NetDA9_1 Pin=R28-1
Added Net: Name=NetDA9_1
Added Pin To Net: NetName=NetDA9_6 Pin=DA9-6
Added Pin To Net: NetName=NetDA9_6 Pin=R24-1
Added Pin To Net: NetName=NetDA9_6 Pin=R28-2
Added Net: Name=NetDA9_6
Added Pin To Net: NetName=NetDA9_7 Pin=DA9-7
Added Pin To Net: NetName=NetDA9_7 Pin=DA12-8
Added Pin To Net: NetName=NetDA9_7 Pin=R24-2
Added Net: Name=NetDA9_7
Added Pin To Net: NetName=NetDA10_2 Pin=DA10-2
Added Pin To Net: NetName=NetDA10_2 Pin=R26-1
Added Pin To Net: NetName=NetDA10_2 Pin=R31-2
Added Net: Name=NetDA10_2
Added Pin To Net: NetName=NetDA11_2 Pin=DA11-2
Added Pin To Net: NetName=NetDA11_2 Pin=R38-1
Added Pin To Net: NetName=NetDA11_2 Pin=R39-2
Added Net: Name=NetDA11_2
Added Pin To Net: NetName=NetDA11_3 Pin=DA11-3
Added Pin To Net: NetName=NetDA11_3 Pin=R30-2
Added Pin To Net: NetName=NetDA11_3 Pin=R34-1
Added Pin To Net: NetName=NetDA11_3 Pin=R36-1
Added Net: Name=NetDA11_3
Added Pin To Net: NetName=NetDA11_5 Pin=DA11-5
Added Pin To Net: NetName=NetDA11_5 Pin=R29-1
Added Pin To Net: NetName=NetDA11_5 Pin=R37-2
Added Net: Name=NetDA11_5
Added Pin To Net: NetName=NetDA11_6 Pin=DA11-6
Added Pin To Net: NetName=NetDA11_6 Pin=DA11-7
Added Pin To Net: NetName=NetDA11_6 Pin=R34-2
Added Net: Name=NetDA11_6
Added Pin To Net: NetName=NetDA12_6 Pin=DA12-6
Added Pin To Net: NetName=NetDA12_6 Pin=R40-1
Added Net: Name=NetDA12_6
Added Pin To Net: NetName=NetDA13_7 Pin=DA13-7
Added Pin To Net: NetName=NetDA13_7 Pin=DA15-3
Added Pin To Net: NetName=NetDA13_7 Pin=R43-2
Added Net: Name=NetDA13_7
Added Pin To Net: NetName=NetDA14_2 Pin=DA14-2
Added Pin To Net: NetName=NetDA14_2 Pin=R42-1
Added Pin To Net: NetName=NetDA14_2 Pin=R48-2
Added Net: Name=NetDA14_2
Added Pin To Net: NetName=NetDA14_6 Pin=DA14-6
Added Pin To Net: NetName=NetDA14_6 Pin=R41-1
Added Pin To Net: NetName=NetDA14_6 Pin=R47-2
Added Net: Name=NetDA14_6
Added Pin To Net: NetName=NetDA14_7 Pin=DA14-7
Added Pin To Net: NetName=NetDA14_7 Pin=DA18-8
Added Pin To Net: NetName=NetDA14_7 Pin=R41-2
Added Net: Name=NetDA14_7
Added Pin To Net: NetName=NetDA15_1 Pin=DA15-1
Added Pin To Net: NetName=NetDA15_1 Pin=DA15-2
Added Pin To Net: NetName=NetDA15_1 Pin=DA18-2
Added Pin To Net: NetName=NetDA15_1 Pin=R47-1
Added Net: Name=NetDA15_1
Added Pin To Net: NetName=NetDA16_1 Pin=DA16-1
Added Pin To Net: NetName=NetDA16_1 Pin=DA17-5
Added Pin To Net: NetName=NetDA16_1 Pin=R56-1
Added Net: Name=NetDA16_1
Added Pin To Net: NetName=NetDA16_2 Pin=DA16-2
Added Pin To Net: NetName=NetDA16_2 Pin=R55-1
Added Pin To Net: NetName=NetDA16_2 Pin=R56-2
Added Net: Name=NetDA16_2
Added Pin To Net: NetName=NetDA16_3 Pin=DA16-3
Added Pin To Net: NetName=NetDA16_3 Pin=R46-2
Added Pin To Net: NetName=NetDA16_3 Pin=R51-1
Added Pin To Net: NetName=NetDA16_3 Pin=R53-1
Added Net: Name=NetDA16_3
Added Pin To Net: NetName=NetDA16_5 Pin=DA16-5
Added Pin To Net: NetName=NetDA16_5 Pin=R45-1
Added Pin To Net: NetName=NetDA16_5 Pin=R54-2
Added Net: Name=NetDA16_5
Added Pin To Net: NetName=NetDA16_6 Pin=DA16-6
Added Pin To Net: NetName=NetDA16_6 Pin=DA16-7
Added Pin To Net: NetName=NetDA16_6 Pin=R51-2
Added Net: Name=NetDA16_6
Added Pin To Net: NetName=NetDA17_6 Pin=DA17-6
Added Pin To Net: NetName=NetDA17_6 Pin=DA17-7
Added Pin To Net: NetName=NetDA17_6 Pin=R52-2
Added Net: Name=NetDA17_6
Added Pin To Net: NetName=NetDA18_6 Pin=DA18-6
Added Pin To Net: NetName=NetDA18_6 Pin=R57-1
Added Net: Name=NetDA18_6
Added Pin To Net: NetName=NetHL1_1 Pin=HL1-1
Added Pin To Net: NetName=NetHL1_1 Pin=R4-2
Added Net: Name=NetHL1_1
Added Pin To Net: NetName=NetHL2_1 Pin=HL2-1
Added Pin To Net: NetName=NetHL2_1 Pin=R6-2
Added Net: Name=NetHL2_1
Added Pin To Net: NetName=PWM1 Pin=DA7-1
Added Pin To Net: NetName=PWM1 Pin=R15-1
Added Net: Name=PWM1
Added Pin To Net: NetName=PWM2 Pin=DA12-1
Added Pin To Net: NetName=PWM2 Pin=R32-1
Added Net: Name=PWM2
Added Pin To Net: NetName=PWM3 Pin=DA18-1
Added Pin To Net: NetName=PWM3 Pin=R49-1
Added Net: Name=PWM3
Added Pin To Net: NetName=PWM4 Pin=R58-1
Added Net: Name=PWM4
Added Pin To Net: NetName=PWM_CH1 Pin=DA2-2
Added Pin To Net: NetName=PWM_CH1 Pin=U1-29
Added Net: Name=PWM_CH1
Added Pin To Net: NetName=PWM_CH2 Pin=DA8-2
Added Pin To Net: NetName=PWM_CH2 Pin=U1-30
Added Net: Name=PWM_CH2
Added Pin To Net: NetName=PWM_CH3 Pin=DA13-2
Added Pin To Net: NetName=PWM_CH3 Pin=U1-31
Added Net: Name=PWM_CH3
Added Pin To Net: NetName=PWM_CH4 Pin=U1-32
Added Net: Name=PWM_CH4
Added Pin To Net: NetName=RESET Pin=C9-2
Added Pin To Net: NetName=RESET Pin=R1-2
Added Pin To Net: NetName=RESET Pin=SB1-3
Added Pin To Net: NetName=RESET Pin=SB1-4
Added Pin To Net: NetName=RESET Pin=U1-7
Added Net: Name=RESET
Added Pin To Net: NetName=RX_Term Pin=U1-22
Added Pin To Net: NetName=RX_Term Pin=XP5-1
Added Net: Name=RX_Term
Added Pin To Net: NetName=RX Pin=U1-43
Added Pin To Net: NetName=RX Pin=XP2-1
Added Net: Name=RX
Added Pin To Net: NetName=SW1 Pin=R23-2
Added Pin To Net: NetName=SW1 Pin=U1-28
Added Net: Name=SW1
Added Pin To Net: NetName=SW2 Pin=R40-2
Added Pin To Net: NetName=SW2 Pin=U1-27
Added Net: Name=SW2
Added Pin To Net: NetName=SW3 Pin=R57-2
Added Pin To Net: NetName=SW3 Pin=U1-26
Added Net: Name=SW3
Added Pin To Net: NetName=SWCLK Pin=U1-37
Added Pin To Net: NetName=SWCLK Pin=XP3-3
Added Net: Name=SWCLK
Added Pin To Net: NetName=SWIO Pin=U1-34
Added Pin To Net: NetName=SWIO Pin=XP3-2
Added Net: Name=SWIO
Added Pin To Net: NetName=TX_Term Pin=U1-21
Added Pin To Net: NetName=TX_Term Pin=XP5-2
Added Net: Name=TX_Term
Added Pin To Net: NetName=TX Pin=U1-42
Added Pin To Net: NetName=TX Pin=XP2-2
Added Net: Name=TX
Added Pin To Net: NetName=Ua Pin=DA4-1
Added Pin To Net: NetName=Ua Pin=R10-2
Added Pin To Net: NetName=Ua Pin=R12-2
Added Pin To Net: NetName=Ua Pin=XP4-1
Added Net: Name=Ua
Added Pin To Net: NetName=Ub Pin=DA10-1
Added Pin To Net: NetName=Ub Pin=R26-2
Added Pin To Net: NetName=Ub Pin=R29-2
Added Pin To Net: NetName=Ub Pin=XP4-2
Added Net: Name=Ub
Added Pin To Net: NetName=Uc Pin=DA14-1
Added Pin To Net: NetName=Uc Pin=R42-2
Added Pin To Net: NetName=Uc Pin=R45-2
Added Pin To Net: NetName=Uc Pin=XP4-3
Added Net: Name=Uc
Added Class: Name=схема
Added Room: Name=схема
