Added Component: Designator=C1(RE_0805)
Add component. Clean all parameters for all variants
Added Component: Designator=C2(RE_0805)
Add component. Clean all parameters for all variants
Added Component: Designator=C3(RE_0805)
Add component. Clean all parameters for all variants
Added Component: Designator=C4(RE_0805)
Add component. Clean all parameters for all variants
Added Component: Designator=C5(RE_0805)
Add component. Clean all parameters for all variants
Added Component: Designator=C6(RE_0805)
Add component. Clean all parameters for all variants
Added Component: Designator=C7(RE_0805)
Add component. Clean all parameters for all variants
Added Component: Designator=C8(RE_0805)
Add component. Clean all parameters for all variants
Added Component: Designator=C9(RE_0805)
Add component. Clean all parameters for all variants
Added Component: Designator=C10(RE_0805)
Add component. Clean all parameters for all variants
Added Component: Designator=C11(RE_0805)
Add component. Clean all parameters for all variants
Added Component: Designator=C12(RE_0805)
Add component. Clean all parameters for all variants
Added Component: Designator=C13(RE_0805)
Add component. Clean all parameters for all variants
Added Component: Designator=C14(RE_0805)
Add component. Clean all parameters for all variants
Added Component: Designator=C15(RE_0805)
Add component. Clean all parameters for all variants
Added Component: Designator=C16(RE_0805)
Add component. Clean all parameters for all variants
Added Component: Designator=C17(RE_0805)
Add component. Clean all parameters for all variants
Added Component: Designator=C18(RE_0805)
Add component. Clean all parameters for all variants
Added Component: Designator=C19(RE_0805)
Add component. Clean all parameters for all variants
Added Component: Designator=C20(RE_0805)
Add component. Clean all parameters for all variants
Added Component: Designator=C21(RE_0805)
Add component. Clean all parameters for all variants
Added Component: Designator=C22(RE_0805)
Add component. Clean all parameters for all variants
Added Component: Designator=C22(RE_0805)
Add component. Clean all parameters for all variants
Added Component: Designator=C23(RE_0805)
Add component. Clean all parameters for all variants
Added Component: Designator=C23(RE_0805)
Add component. Clean all parameters for all variants
Added Component: Designator=C24(RE_0805)
Add component. Clean all parameters for all variants
Added Component: Designator=C24(RE_0805)
Add component. Clean all parameters for all variants
Added Component: Designator=C25(RE_0805)
Add component. Clean all parameters for all variants
Added Component: Designator=C26(RE_0805)
Add component. Clean all parameters for all variants
Added Component: Designator=C27(RE_0805)
Add component. Clean all parameters for all variants
Added Component: Designator=C28(RE_0805)
Add component. Clean all parameters for all variants
Added Component: Designator=C29(RE_0805)
Add component. Clean all parameters for all variants
Added Component: Designator=C30(RE_0805)
Add component. Clean all parameters for all variants
Added Component: Designator=DA1(SC_SOIC8)
Add component. Clean all parameters for all variants
Added Component: Designator=DA2(SC_SOIC8)
Add component. Clean all parameters for all variants
Added Component: Designator=DA3(SC_SOIC8)
Add component. Clean all parameters for all variants
Added Component: Designator=DA4(SC_SOIC8)
Add component. Clean all parameters for all variants
Added Component: Designator=DA5(SC_SOIC8)
Add component. Clean all parameters for all variants
Added Component: Designator=DA6(SC_SOIC8)
Add component. Clean all parameters for all variants
Added Component: Designator=DA7(SC_SOIC8)
Add component. Clean all parameters for all variants
Added Component: Designator=DA7(SC_SOIC8)
Add component. Clean all parameters for all variants
Added Component: Designator=DA8(SC_SOIC8)
Add component. Clean all parameters for all variants
Added Component: Designator=DA9(SC_SOIC8)
Add component. Clean all parameters for all variants
Added Component: Designator=GND(PCBComponent_1)
Add component. Clean all parameters for all variants
Added Component: Designator=R1(RE_0805)
Add component. Clean all parameters for all variants
Added Component: Designator=R2(RE_0805)
Add component. Clean all parameters for all variants
Added Component: Designator=R3(RE_0805)
Add component. Clean all parameters for all variants
Added Component: Designator=R4(RE_0805)
Add component. Clean all parameters for all variants
Added Component: Designator=R5(RE_0805)
Add component. Clean all parameters for all variants
Added Component: Designator=R6(3*1)
Add component. Clean all parameters for all variants
Added Component: Designator=R7(RE_0805)
Add component. Clean all parameters for all variants
Added Component: Designator=R8(RE_0805)
Add component. Clean all parameters for all variants
Added Component: Designator=R9(RE_0805)
Add component. Clean all parameters for all variants
Added Component: Designator=R10(3*1)
Add component. Clean all parameters for all variants
Added Component: Designator=R11(RE_0805)
Add component. Clean all parameters for all variants
Added Component: Designator=R12(RE_0805)
Add component. Clean all parameters for all variants
Added Component: Designator=R13(RE_0805)
Add component. Clean all parameters for all variants
Added Component: Designator=R14(RE_0805)
Add component. Clean all parameters for all variants
Added Component: Designator=R15(RE_0805)
Add component. Clean all parameters for all variants
Added Component: Designator=R16(RE_0805)
Add component. Clean all parameters for all variants
Added Component: Designator=R17(3*1)
Add component. Clean all parameters for all variants
Added Component: Designator=R18(RE_0805)
Add component. Clean all parameters for all variants
Added Component: Designator=R19(RE_0805)
Add component. Clean all parameters for all variants
Added Component: Designator=R20(RE_0805)
Add component. Clean all parameters for all variants
Added Component: Designator=R21(RE_0805)
Add component. Clean all parameters for all variants
Added Component: Designator=R22(RE_0805)
Add component. Clean all parameters for all variants
Added Component: Designator=R23(RE_0805)
Add component. Clean all parameters for all variants
Added Component: Designator=R24(3*1)
Add component. Clean all parameters for all variants
Added Component: Designator=R25(RE_0805)
Add component. Clean all parameters for all variants
Added Component: Designator=R26(RE_0805)
Add component. Clean all parameters for all variants
Added Component: Designator=R27(RE_0805)
Add component. Clean all parameters for all variants
Added Component: Designator=R28(RE_0805)
Add component. Clean all parameters for all variants
Added Component: Designator=R29(3*1)
Add component. Clean all parameters for all variants
Added Component: Designator=R30(RE_0805)
Add component. Clean all parameters for all variants
Added Component: Designator=R31(RE_0805)
Add component. Clean all parameters for all variants
Added Component: Designator=R32(RE_0805)
Add component. Clean all parameters for all variants
Added Component: Designator=R33(RE_0805)
Add component. Clean all parameters for all variants
Added Component: Designator=R34(RE_0805)
Add component. Clean all parameters for all variants
Added Component: Designator=R35(RE_0805)
Add component. Clean all parameters for all variants
Added Component: Designator=R36(3*1)
Add component. Clean all parameters for all variants
Added Component: Designator=R37(RE_0805)
Add component. Clean all parameters for all variants
Added Component: Designator=R37(RE_0805)
Add component. Clean all parameters for all variants
Added Component: Designator=R38(RE_0805)
Add component. Clean all parameters for all variants
Added Component: Designator=R38(RE_0805)
Add component. Clean all parameters for all variants
Added Component: Designator=R39(RE_0805)
Add component. Clean all parameters for all variants
Added Component: Designator=R39(RE_0805)
Add component. Clean all parameters for all variants
Added Component: Designator=R40(RE_0805)
Add component. Clean all parameters for all variants
Added Component: Designator=R40(RE_0805)
Add component. Clean all parameters for all variants
Added Component: Designator=R41(RE_0805)
Add component. Clean all parameters for all variants
Added Component: Designator=R42(RE_0805)
Add component. Clean all parameters for all variants
Added Component: Designator=R42(RE_0805)
Add component. Clean all parameters for all variants
Added Component: Designator=R43(3*1)
Add component. Clean all parameters for all variants
Added Component: Designator=R43(3*1)
Add component. Clean all parameters for all variants
Added Component: Designator=R44(RE_0805)
Add component. Clean all parameters for all variants
Added Component: Designator=R45(3*1)
Add component. Clean all parameters for all variants
Added Component: Designator=R46(RE_0805)
Add component. Clean all parameters for all variants
Added Component: Designator=R47(RE_0805)
Add component. Clean all parameters for all variants
Added Component: Designator=R48(3*1)
Add component. Clean all parameters for all variants
Added Component: Designator=R49(RE_0805)
Add component. Clean all parameters for all variants
Added Component: Designator=R50(RE_0805)
Add component. Clean all parameters for all variants
Added Component: Designator=R51(RE_0805)
Add component. Clean all parameters for all variants
Added Component: Designator=R52(RE_0805)
Add component. Clean all parameters for all variants
Added Component: Designator=R53(RE_0805)
Add component. Clean all parameters for all variants
Added Component: Designator=R54(3*1)
Add component. Clean all parameters for all variants
Added Component: Designator=R55(RE_0805)
Add component. Clean all parameters for all variants
Added Component: Designator=R56(RE_0805)
Add component. Clean all parameters for all variants
Added Component: Designator=R57(RE_0805)
Add component. Clean all parameters for all variants
Added Component: Designator=R58(RE_0805)
Add component. Clean all parameters for all variants
Added Component: Designator=R59(RE_0805)
Add component. Clean all parameters for all variants
Added Component: Designator=R60(3*1)
Add component. Clean all parameters for all variants
Added Component: Designator=X1(PCBComponent_1)
Add component. Clean all parameters for all variants
Added Component: Designator=X2(PCBComponent_1)
Add component. Clean all parameters for all variants
Added Component: Designator=X3(PCBComponent_1)
Add component. Clean all parameters for all variants
Added Component: Designator=X4(PCBComponent_1)
Add component. Clean all parameters for all variants
Added Component: Designator=X5(PCBComponent_1)
Add component. Clean all parameters for all variants
Added Component: Designator=X6(PCBComponent_1)
Add component. Clean all parameters for all variants
Added Component: Designator=XP1(PLS4)
Add component. Clean all parameters for all variants
Added Component: Designator=XP2(PLS2)
Add component. Clean all parameters for all variants
Added Component: Designator=XP3(PLS4)
Add component. Clean all parameters for all variants
Added Component: Designator=XP4(PLS4)
Add component. Clean all parameters for all variants
Added Component: Designator=XP5(PLS3)
Add component. Clean all parameters for all variants
Added Component: Designator=XP6(PLS4)
Add component. Clean all parameters for all variants
Added Component: Designator=XP7(PLS4)
Add component. Clean all parameters for all variants
Added Component: Designator=XP8(PLS2)
Add component. Clean all parameters for all variants
Added Component: Designator=XP9(PLS2)
Add component. Clean all parameters for all variants
Added Component: Designator=XP10(PLS2)
Add component. Clean all parameters for all variants
Added Component: Designator=XP11(PLS2)
Add component. Clean all parameters for all variants
Added Component: Designator=XP12(PLS4)
Add component. Clean all parameters for all variants
Added Component: Designator=XP13(PLS2)
Add component. Clean all parameters for all variants
Added Component: Designator=XP14(PLS4)
Add component. Clean all parameters for all variants
Added Component: Designator=XP15(PLS4)
Add component. Clean all parameters for all variants
Added Component: Designator=XT1(כוללםטך םא 4)
Add component. Clean all parameters for all variants
Added Pin To Net: NetName=NetC1_1 Pin=C1-1
Added Pin To Net: NetName=GND Pin=C1-2
Added Pin To Net: NetName=NetC2_1 Pin=C2-1
Added Pin To Net: NetName=NetC2_2 Pin=C2-2
Added Pin To Net: NetName=GND Pin=C3-1
Added Pin To Net: NetName=+15 Pin=C3-2
Added Pin To Net: NetName=-15 Pin=C4-1
Added Pin To Net: NetName=GND Pin=C4-2
Added Pin To Net: NetName=GND Pin=C5-1
Added Pin To Net: NetName=+15 Pin=C5-2
Added Pin To Net: NetName=-15 Pin=C6-1
Added Pin To Net: NetName=GND Pin=C6-2
Added Pin To Net: NetName=GND Pin=C7-1
Added Pin To Net: NetName=NetC7_2 Pin=C7-2
Added Pin To Net: NetName=NetC8_1 Pin=C8-1
Added Pin To Net: NetName=GND Pin=C8-2
Added Pin To Net: NetName=NetC9_1 Pin=C9-1
Added Pin To Net: NetName=NetC9_2 Pin=C9-2
Added Pin To Net: NetName=GND Pin=C10-1
Added Pin To Net: NetName=+15 Pin=C10-2
Added Pin To Net: NetName=-15 Pin=C11-1
Added Pin To Net: NetName=GND Pin=C11-2
Added Pin To Net: NetName=GND Pin=C12-1
Added Pin To Net: NetName=+15 Pin=C12-2
Added Pin To Net: NetName=-15 Pin=C13-1
Added Pin To Net: NetName=GND Pin=C13-2
Added Pin To Net: NetName=GND Pin=C14-1
Added Pin To Net: NetName=NetC14_2 Pin=C14-2
Added Pin To Net: NetName=NetC15_1 Pin=C15-1
Added Pin To Net: NetName=GND Pin=C15-2
Added Pin To Net: NetName=NetC16_1 Pin=C16-1
Added Pin To Net: NetName=NetC16_2 Pin=C16-2
Added Pin To Net: NetName=GND Pin=C17-1
Added Pin To Net: NetName=+15 Pin=C17-2
Added Pin To Net: NetName=-15 Pin=C18-1
Added Pin To Net: NetName=GND Pin=C18-2
Added Pin To Net: NetName=GND Pin=C19-1
Added Pin To Net: NetName=+15 Pin=C19-2
Added Pin To Net: NetName=-15 Pin=C20-1
Added Pin To Net: NetName=GND Pin=C20-2
Added Pin To Net: NetName=GND Pin=C21-1
Added Pin To Net: NetName=NetC21_2 Pin=C21-2
Added Pin To Net: NetName=NetC22_1 Pin=C22-1
Added Pin To Net: NetName=GND Pin=C22-2
Added Pin To Net: NetName=GND Pin=C22-2
Added Pin To Net: NetName=GND Pin=C23-1
Added Pin To Net: NetName=GND Pin=C23-1
Added Pin To Net: NetName=+15 Pin=C23-2
Added Pin To Net: NetName=+15 Pin=C23-2
Added Pin To Net: NetName=-15 Pin=C24-1
Added Pin To Net: NetName=-15 Pin=C24-1
Added Pin To Net: NetName=GND Pin=C24-2
Added Pin To Net: NetName=GND Pin=C24-2
Added Pin To Net: NetName=GND Pin=C25-2
Added Pin To Net: NetName=GND Pin=C26-1
Added Pin To Net: NetName=+15 Pin=C26-2
Added Pin To Net: NetName=-15 Pin=C27-1
Added Pin To Net: NetName=GND Pin=C27-2
Added Pin To Net: NetName=GND Pin=C28-2
Added Pin To Net: NetName=GND Pin=C29-1
Added Pin To Net: NetName=+15 Pin=C29-2
Added Pin To Net: NetName=-15 Pin=C30-1
Added Pin To Net: NetName=GND Pin=C30-2
Added Pin To Net: NetName=NetDA1_1 Pin=DA1-1
Added Pin To Net: NetName=NetDA1_2 Pin=DA1-2
Added Pin To Net: NetName=Vref Pin=DA1-3
Added Pin To Net: NetName=-15 Pin=DA1-4
Added Pin To Net: NetName=GND Pin=DA1-5
Added Pin To Net: NetName=NetDA1_6 Pin=DA1-6
Added Pin To Net: NetName=NetDA1_7 Pin=DA1-7
Added Pin To Net: NetName=+15 Pin=DA1-8
Added Pin To Net: NetName=NetC2_2 Pin=DA2-1
Added Pin To Net: NetName=NetC2_1 Pin=DA2-2
Added Pin To Net: NetName=Vref2 Pin=DA2-3
Added Pin To Net: NetName=-15 Pin=DA2-4
Added Pin To Net: NetName=GND Pin=DA2-5
Added Pin To Net: NetName=NetDA2_6 Pin=DA2-6
Added Pin To Net: NetName=NetDA2_7 Pin=DA2-7
Added Pin To Net: NetName=+15 Pin=DA2-8
Added Pin To Net: NetName=NetDA3_1 Pin=DA3-1
Added Pin To Net: NetName=NetDA3_2 Pin=DA3-2
Added Pin To Net: NetName=Vref Pin=DA3-3
Added Pin To Net: NetName=-15 Pin=DA3-4
Added Pin To Net: NetName=GND Pin=DA3-5
Added Pin To Net: NetName=NetDA3_6 Pin=DA3-6
Added Pin To Net: NetName=NetDA3_7 Pin=DA3-7
Added Pin To Net: NetName=+15 Pin=DA3-8
Added Pin To Net: NetName=NetC9_2 Pin=DA4-1
Added Pin To Net: NetName=NetC9_1 Pin=DA4-2
Added Pin To Net: NetName=Vref2 Pin=DA4-3
Added Pin To Net: NetName=-15 Pin=DA4-4
Added Pin To Net: NetName=GND Pin=DA4-5
Added Pin To Net: NetName=NetDA4_6 Pin=DA4-6
Added Pin To Net: NetName=NetDA4_7 Pin=DA4-7
Added Pin To Net: NetName=+15 Pin=DA4-8
Added Pin To Net: NetName=NetDA5_1 Pin=DA5-1
Added Pin To Net: NetName=NetDA5_2 Pin=DA5-2
Added Pin To Net: NetName=Vref Pin=DA5-3
Added Pin To Net: NetName=-15 Pin=DA5-4
Added Pin To Net: NetName=GND Pin=DA5-5
Added Pin To Net: NetName=NetDA5_6 Pin=DA5-6
Added Pin To Net: NetName=NetDA5_7 Pin=DA5-7
Added Pin To Net: NetName=+15 Pin=DA5-8
Added Pin To Net: NetName=NetC16_2 Pin=DA6-1
Added Pin To Net: NetName=NetC16_1 Pin=DA6-2
Added Pin To Net: NetName=Vref2 Pin=DA6-3
Added Pin To Net: NetName=-15 Pin=DA6-4
Added Pin To Net: NetName=GND Pin=DA6-5
Added Pin To Net: NetName=NetDA6_6 Pin=DA6-6
Added Pin To Net: NetName=NetDA6_7 Pin=DA6-7
Added Pin To Net: NetName=+15 Pin=DA6-8
Added Pin To Net: NetName=NetDA7_1 Pin=DA7-1
Added Pin To Net: NetName=NetDA7_2 Pin=DA7-2
Added Pin To Net: NetName=Vref Pin=DA7-3
Added Pin To Net: NetName=Vref Pin=DA7-3
Added Pin To Net: NetName=-15 Pin=DA7-4
Added Pin To Net: NetName=-15 Pin=DA7-4
Added Pin To Net: NetName=GND Pin=DA7-5
Added Pin To Net: NetName=GND Pin=DA7-5
Added Pin To Net: NetName=NetDA7_6 Pin=DA7-6
Added Pin To Net: NetName=NetDA7_7 Pin=DA7-7
Added Pin To Net: NetName=+15 Pin=DA7-8
Added Pin To Net: NetName=+15 Pin=DA7-8
Added Pin To Net: NetName=Vref Pin=DA8-3
Added Pin To Net: NetName=-15 Pin=DA8-4
Added Pin To Net: NetName=GND Pin=DA8-5
Added Pin To Net: NetName=+15 Pin=DA8-8
Added Pin To Net: NetName=Vref Pin=DA9-3
Added Pin To Net: NetName=-15 Pin=DA9-4
Added Pin To Net: NetName=GND Pin=DA9-5
Added Pin To Net: NetName=+15 Pin=DA9-8
Added Pin To Net: NetName=Vref Pin=GND-1
Added Pin To Net: NetName=NetDA1_1 Pin=R1-1
Added Pin To Net: NetName=NetC1_1 Pin=R1-2
Added Pin To Net: NetName=NetDA1_7 Pin=R2-1
Added Pin To Net: NetName=NetDA1_2 Pin=R2-2
Added Pin To Net: NetName=NetR3_1 Pin=R3-1
Added Pin To Net: NetName=NetDA1_6 Pin=R3-2
Added Pin To Net: NetName=NetDA1_2 Pin=R4-1
Added Pin To Net: NetName=NetDA1_1 Pin=R4-2
Added Pin To Net: NetName=NetDA2_6 Pin=R5-1
Added Pin To Net: NetName=NetR5_2 Pin=R5-2
Added Pin To Net: NetName=NetR5_2 Pin=R6-1
Added Pin To Net: NetName=NetDA2_7 Pin=R6-2
Added Pin To Net: NetName=NetDA2_7 Pin=R6-3
Added Pin To Net: NetName=NetC7_2 Pin=R7-1
Added Pin To Net: NetName=NetC2_2 Pin=R7-2
Added Pin To Net: NetName=NetDA1_6 Pin=R8-1
Added Pin To Net: NetName=NetR8_2 Pin=R8-2
Added Pin To Net: NetName=NetC2_2 Pin=R9-1
Added Pin To Net: NetName=NetDA2_6 Pin=R9-2
Added Pin To Net: NetName=NetR8_2 Pin=R10-1
Added Pin To Net: NetName=NetDA1_7 Pin=R10-2
Added Pin To Net: NetName=NetDA1_7 Pin=R10-3
Added Pin To Net: NetName=NetR11_1 Pin=R11-1
Added Pin To Net: NetName=NetC7_2 Pin=R11-2
Added Pin To Net: NetName=NetC7_2 Pin=R12-1
Added Pin To Net: NetName=NetC2_1 Pin=R12-2
Added Pin To Net: NetName=NetDA3_1 Pin=R13-1
Added Pin To Net: NetName=NetC8_1 Pin=R13-2
Added Pin To Net: NetName=NetDA3_7 Pin=R14-1
Added Pin To Net: NetName=NetDA3_2 Pin=R14-2
Added Pin To Net: NetName=NetDA4_6 Pin=R15-1
Added Pin To Net: NetName=NetR15_2 Pin=R15-2
Added Pin To Net: NetName=NetR16_1 Pin=R16-1
Added Pin To Net: NetName=NetDA3_6 Pin=R16-2
Added Pin To Net: NetName=NetR15_2 Pin=R17-1
Added Pin To Net: NetName=NetDA4_7 Pin=R17-2
Added Pin To Net: NetName=NetDA4_7 Pin=R17-3
Added Pin To Net: NetName=NetDA3_2 Pin=R18-1
Added Pin To Net: NetName=NetDA3_1 Pin=R18-2
Added Pin To Net: NetName=NetC14_2 Pin=R19-1
Added Pin To Net: NetName=NetC9_2 Pin=R19-2
Added Pin To Net: NetName=NetC9_2 Pin=R20-1
Added Pin To Net: NetName=NetDA4_6 Pin=R20-2
Added Pin To Net: NetName=NetR21_1 Pin=R21-1
Added Pin To Net: NetName=NetC14_2 Pin=R21-2
Added Pin To Net: NetName=NetC14_2 Pin=R22-1
Added Pin To Net: NetName=NetC9_1 Pin=R22-2
Added Pin To Net: NetName=NetDA3_6 Pin=R23-1
Added Pin To Net: NetName=NetR23_2 Pin=R23-2
Added Pin To Net: NetName=NetR23_2 Pin=R24-1
Added Pin To Net: NetName=NetDA3_7 Pin=R24-2
Added Pin To Net: NetName=NetDA3_7 Pin=R24-3
Added Pin To Net: NetName=NetDA5_1 Pin=R25-1
Added Pin To Net: NetName=NetC15_1 Pin=R25-2
Added Pin To Net: NetName=NetDA5_7 Pin=R26-1
Added Pin To Net: NetName=NetDA5_2 Pin=R26-2
Added Pin To Net: NetName=NetDA6_6 Pin=R27-1
Added Pin To Net: NetName=NetR27_2 Pin=R27-2
Added Pin To Net: NetName=NetR28_1 Pin=R28-1
Added Pin To Net: NetName=NetDA5_6 Pin=R28-2
Added Pin To Net: NetName=NetR27_2 Pin=R29-1
Added Pin To Net: NetName=NetDA6_7 Pin=R29-2
Added Pin To Net: NetName=NetDA6_7 Pin=R29-3
Added Pin To Net: NetName=NetDA5_2 Pin=R30-1
Added Pin To Net: NetName=NetDA5_1 Pin=R30-2
Added Pin To Net: NetName=NetC21_2 Pin=R31-1
Added Pin To Net: NetName=NetC16_2 Pin=R31-2
Added Pin To Net: NetName=NetC16_2 Pin=R32-1
Added Pin To Net: NetName=NetDA6_6 Pin=R32-2
Added Pin To Net: NetName=NetDA5_6 Pin=R33-1
Added Pin To Net: NetName=NetR33_2 Pin=R33-2
Added Pin To Net: NetName=NetR34_1 Pin=R34-1
Added Pin To Net: NetName=NetC21_2 Pin=R34-2
Added Pin To Net: NetName=NetC21_2 Pin=R35-1
Added Pin To Net: NetName=NetC16_1 Pin=R35-2
Added Pin To Net: NetName=NetR33_2 Pin=R36-1
Added Pin To Net: NetName=NetDA5_7 Pin=R36-2
Added Pin To Net: NetName=NetDA5_7 Pin=R36-3
Added Pin To Net: NetName=NetDA7_1 Pin=R37-1
Added Pin To Net: NetName=NetC22_1 Pin=R37-2
Added Pin To Net: NetName=NetDA7_7 Pin=R38-1
Added Pin To Net: NetName=NetDA7_2 Pin=R38-2
Added Pin To Net: NetName=NetR39_1 Pin=R39-1
Added Pin To Net: NetName=NetDA7_6 Pin=R39-2
Added Pin To Net: NetName=NetDA7_2 Pin=R40-1
Added Pin To Net: NetName=NetDA7_1 Pin=R40-2
Added Pin To Net: NetName=Vref Pin=R41-1
Added Pin To Net: NetName=+5 Pin=R41-2
Added Pin To Net: NetName=NetDA7_6 Pin=R42-1
Added Pin To Net: NetName=NetR42_2 Pin=R42-2
Added Pin To Net: NetName=NetR42_2 Pin=R43-1
Added Pin To Net: NetName=NetDA7_7 Pin=R43-2
Added Pin To Net: NetName=NetDA7_7 Pin=R43-3
Added Pin To Net: NetName=NetR44_1 Pin=R44-1
Added Pin To Net: NetName=Vref Pin=R44-2
Added Pin To Net: NetName=NetR44_1 Pin=R45-1
Added Pin To Net: NetName=GND Pin=R45-2
Added Pin To Net: NetName=GND Pin=R45-3
Added Pin To Net: NetName=Vref2 Pin=R46-1
Added Pin To Net: NetName=+5 Pin=R46-2
Added Pin To Net: NetName=NetR47_1 Pin=R47-1
Added Pin To Net: NetName=Vref2 Pin=R47-2
Added Pin To Net: NetName=NetR47_1 Pin=R48-1
Added Pin To Net: NetName=GND Pin=R48-2
Added Pin To Net: NetName=GND Pin=R48-3
Added Pin To Net: NetName=NetR39_1 Pin=X1-1
Added Pin To Net: NetName=+15 Pin=X4-1
Added Pin To Net: NetName=-15 Pin=X5-1
Added Pin To Net: NetName=GND Pin=X6-1
Added Pin To Net: NetName=NetXP1_1 Pin=XP1-1
Added Pin To Net: NetName=NetXP1_2 Pin=XP1-2
Added Pin To Net: NetName=NetXP1_3 Pin=XP1-3
Added Pin To Net: NetName=NetXP1_4 Pin=XP1-4
Added Pin To Net: NetName=NetXP2_1 Pin=XP2-1
Added Pin To Net: NetName=NetXP2_2 Pin=XP2-2
Added Pin To Net: NetName=GND Pin=XP3-1
Added Pin To Net: NetName=NetR11_1 Pin=XP3-2
Added Pin To Net: NetName=NetR21_1 Pin=XP3-3
Added Pin To Net: NetName=NetR34_1 Pin=XP3-4
Added Pin To Net: NetName=NetR3_1 Pin=XP4-1
Added Pin To Net: NetName=NetR16_1 Pin=XP4-2
Added Pin To Net: NetName=NetR28_1 Pin=XP4-3
Added Pin To Net: NetName=GND Pin=XP4-4
Added Pin To Net: NetName=+15 Pin=XP5-1
Added Pin To Net: NetName=GND Pin=XP5-2
Added Pin To Net: NetName=-15 Pin=XP5-3
Added Pin To Net: NetName=GND Pin=XP6-1
Added Pin To Net: NetName=NetDA2_7 Pin=XP6-2
Added Pin To Net: NetName=NetDA4_7 Pin=XP6-3
Added Pin To Net: NetName=NetDA6_7 Pin=XP6-4
Added Pin To Net: NetName=NetXP1_1 Pin=XP7-1
Added Pin To Net: NetName=NetXP1_2 Pin=XP7-2
Added Pin To Net: NetName=NetXP1_3 Pin=XP7-3
Added Pin To Net: NetName=NetXP1_4 Pin=XP7-4
Added Pin To Net: NetName=+5 Pin=XP8-1
Added Pin To Net: NetName=GND Pin=XP8-2
Added Pin To Net: NetName=GND Pin=XP9-2
Added Pin To Net: NetName=GND Pin=XP10-2
Added Pin To Net: NetName=NetXP2_1 Pin=XP11-1
Added Pin To Net: NetName=NetXP2_2 Pin=XP11-2
Added Pin To Net: NetName=NetR3_1 Pin=XP12-1
Added Pin To Net: NetName=NetR16_1 Pin=XP12-2
Added Pin To Net: NetName=NetR28_1 Pin=XP12-3
Added Pin To Net: NetName=GND Pin=XP12-4
Added Pin To Net: NetName=GND Pin=XP13-2
Added Pin To Net: NetName=NetC1_1 Pin=XP14-1
Added Pin To Net: NetName=NetC8_1 Pin=XP14-2
Added Pin To Net: NetName=NetC15_1 Pin=XP14-3
Added Pin To Net: NetName=GND Pin=XP14-4
Added Pin To Net: NetName=NetC22_1 Pin=XP15-1
Added Pin To Net: NetName=GND Pin=XP15-4
Added Pin To Net: NetName=+15 Pin=XT1-1
Added Pin To Net: NetName=-15 Pin=XT1-2
Added Pin To Net: NetName=+5 Pin=XT1-3
Added Pin To Net: NetName=GND Pin=XT1-4
Added Pin To Net: NetName=NetC25_1 Pin=C25-1
Added Pin To Net: NetName=NetC25_1 Pin=R49-2
Added Pin To Net: NetName=NetC25_1 Pin=XP15-2
Added Net: Name=NetC25_1
Added Pin To Net: NetName=NetC28_1 Pin=C28-1
Added Pin To Net: NetName=NetC28_1 Pin=R55-2
Added Pin To Net: NetName=NetC28_1 Pin=XP15-3
Added Net: Name=NetC28_1
Added Pin To Net: NetName=NetDA8_1 Pin=DA8-1
Added Pin To Net: NetName=NetDA8_1 Pin=R49-1
Added Pin To Net: NetName=NetDA8_1 Pin=R52-2
Added Net: Name=NetDA8_1
Added Pin To Net: NetName=NetDA8_2 Pin=DA8-2
Added Pin To Net: NetName=NetDA8_2 Pin=R50-2
Added Pin To Net: NetName=NetDA8_2 Pin=R52-1
Added Net: Name=NetDA8_2
Added Pin To Net: NetName=NetDA8_6 Pin=DA8-6
Added Pin To Net: NetName=NetDA8_6 Pin=R51-2
Added Pin To Net: NetName=NetDA8_6 Pin=R53-1
Added Net: Name=NetDA8_6
Added Pin To Net: NetName=NetDA8_7 Pin=DA8-7
Added Pin To Net: NetName=NetDA8_7 Pin=R50-1
Added Pin To Net: NetName=NetDA8_7 Pin=R54-2
Added Pin To Net: NetName=NetDA8_7 Pin=R54-3
Added Net: Name=NetDA8_7
Added Pin To Net: NetName=NetDA9_1 Pin=DA9-1
Added Pin To Net: NetName=NetDA9_1 Pin=R55-1
Added Pin To Net: NetName=NetDA9_1 Pin=R58-2
Added Net: Name=NetDA9_1
Added Pin To Net: NetName=NetDA9_2 Pin=DA9-2
Added Pin To Net: NetName=NetDA9_2 Pin=R56-2
Added Pin To Net: NetName=NetDA9_2 Pin=R58-1
Added Net: Name=NetDA9_2
Added Pin To Net: NetName=NetDA9_6 Pin=DA9-6
Added Pin To Net: NetName=NetDA9_6 Pin=R57-2
Added Pin To Net: NetName=NetDA9_6 Pin=R59-1
Added Net: Name=NetDA9_6
Added Pin To Net: NetName=NetDA9_7 Pin=DA9-7
Added Pin To Net: NetName=NetDA9_7 Pin=R56-1
Added Pin To Net: NetName=NetDA9_7 Pin=R60-2
Added Pin To Net: NetName=NetDA9_7 Pin=R60-3
Added Net: Name=NetDA9_7
Added Pin To Net: NetName=NetR51_1 Pin=R51-1
Added Pin To Net: NetName=NetR51_1 Pin=X2-1
Added Net: Name=NetR51_1
Added Pin To Net: NetName=NetR53_2 Pin=R53-2
Added Pin To Net: NetName=NetR53_2 Pin=R54-1
Added Net: Name=NetR53_2
Added Pin To Net: NetName=NetR57_1 Pin=R57-1
Added Pin To Net: NetName=NetR57_1 Pin=X3-1
Added Net: Name=NetR57_1
Added Pin To Net: NetName=NetR59_2 Pin=R59-2
Added Pin To Net: NetName=NetR59_2 Pin=R60-1
Added Net: Name=NetR59_2
Added Class: Name= 
Added Member To Class: ClassName=ץולא2 Member=Component C1 0,1 ם
Added Member To Class: ClassName=ץולא2 Member=Component C2 47 ם
Added Member To Class: ClassName=ץולא2 Member=Component C3 0,1 לך
Added Member To Class: ClassName=ץולא2 Member=Component C4 0,1 לך
Added Member To Class: ClassName=ץולא2 Member=Component C5 0,1 לך
Added Member To Class: ClassName=ץולא2 Member=Component C6 0,1 לך
Added Member To Class: ClassName=ץולא2 Member=Component C7 100 ם
Added Member To Class: ClassName=ץולא2 Member=Component C8 0,1 ם
Added Member To Class: ClassName=ץולא2 Member=Component C9 47 ם
Added Member To Class: ClassName=ץולא2 Member=Component C10 0,1 לך
Added Member To Class: ClassName=ץולא2 Member=Component C11 0,1 לך
Added Member To Class: ClassName=ץולא2 Member=Component C12 0,1 לך
Added Member To Class: ClassName=ץולא2 Member=Component C13 0,1 לך
Added Member To Class: ClassName=ץולא2 Member=Component C14 100 ם
Added Member To Class: ClassName=ץולא2 Member=Component C15 0,1 ם
Added Member To Class: ClassName=ץולא2 Member=Component C16 47 ם
Added Member To Class: ClassName=ץולא2 Member=Component C17 0,1 לך
Added Member To Class: ClassName=ץולא2 Member=Component C18 0,1 לך
Added Member To Class: ClassName=ץולא2 Member=Component C19 0,1 לך
Added Member To Class: ClassName=ץולא2 Member=Component C20 0,1 לך
Added Member To Class: ClassName=ץולא2 Member=Component C21 100 ם
Added Member To Class: ClassName=ץולא2 Member=Component C22 0,1 ם
Added Member To Class: ClassName=ץולא2 Member=Component C23 0,1 לך
Added Member To Class: ClassName=ץולא2 Member=Component C24 0,1 לך
Added Member To Class: ClassName=ץולא2 Member=Component DA1 OPA2134
Added Member To Class: ClassName=ץולא2 Member=Component DA2 OPA2134
Added Member To Class: ClassName=ץולא2 Member=Component DA3 OPA2134
Added Member To Class: ClassName=ץולא2 Member=Component DA4 OPA2134
Added Member To Class: ClassName=ץולא2 Member=Component DA5 OPA2134
Added Member To Class: ClassName=ץולא2 Member=Component DA6 OPA2134
Added Member To Class: ClassName=ץולא2 Member=Component DA7 OPA2134
Added Member To Class: ClassName=ץולא2 Member=Component R1 10 ךל
Added Member To Class: ClassName=ץולא2 Member=Component R2 10 ךל
Added Member To Class: ClassName=ץולא2 Member=Component R3 10 ךל
Added Member To Class: ClassName=ץולא2 Member=Component R4 10 ךל
Added Member To Class: ClassName=ץולא2 Member=Component R5 10 ךל
Added Member To Class: ClassName=ץולא2 Member=Component R6 10 ךל
Added Member To Class: ClassName=ץולא2 Member=Component R7 10 ךל
Added Member To Class: ClassName=ץולא2 Member=Component R8 1,1 ךל
Added Member To Class: ClassName=ץולא2 Member=Component R9 10 ךל
Added Member To Class: ClassName=ץולא2 Member=Component R10 10 ךל
Added Member To Class: ClassName=ץולא2 Member=Component R11 10 ךל
Added Member To Class: ClassName=ץולא2 Member=Component R12 10 ךל
Added Member To Class: ClassName=ץולא2 Member=Component R13 10 ךל
Added Member To Class: ClassName=ץולא2 Member=Component R14 10 ךל
Added Member To Class: ClassName=ץולא2 Member=Component R15 10 ךל
Added Member To Class: ClassName=ץולא2 Member=Component R16 10 ךל
Added Member To Class: ClassName=ץולא2 Member=Component R17 10 ךל
Added Member To Class: ClassName=ץולא2 Member=Component R18 10 ךל
Added Member To Class: ClassName=ץולא2 Member=Component R19 10 ךל
Added Member To Class: ClassName=ץולא2 Member=Component R20 10 ךל
Added Member To Class: ClassName=ץולא2 Member=Component R21 10 ךל
Added Member To Class: ClassName=ץולא2 Member=Component R22 10 ךל
Added Member To Class: ClassName=ץולא2 Member=Component R23 1,1 ךל
Added Member To Class: ClassName=ץולא2 Member=Component R24 10 ךל
Added Member To Class: ClassName=ץולא2 Member=Component R25 10 ךל
Added Member To Class: ClassName=ץולא2 Member=Component R26 10 ךל
Added Member To Class: ClassName=ץולא2 Member=Component R27 10 ךל
Added Member To Class: ClassName=ץולא2 Member=Component R28 10 ךל
Added Member To Class: ClassName=ץולא2 Member=Component R29 10 ךל
Added Member To Class: ClassName=ץולא2 Member=Component R30 10 ךל
Added Member To Class: ClassName=ץולא2 Member=Component R31 10 ךל
Added Member To Class: ClassName=ץולא2 Member=Component R32 10 ךל
Added Member To Class: ClassName=ץולא2 Member=Component R33 1,1 ךל
Added Member To Class: ClassName=ץולא2 Member=Component R34 10 ךל
Added Member To Class: ClassName=ץולא2 Member=Component R35 10 ךל
Added Member To Class: ClassName=ץולא2 Member=Component R36 10 ךל
Added Member To Class: ClassName=ץולא2 Member=Component R37 10 ךל
Added Member To Class: ClassName=ץולא2 Member=Component R38 10 ךל
Added Member To Class: ClassName=ץולא2 Member=Component R39 10 ךל
Added Member To Class: ClassName=ץולא2 Member=Component R40 10 ךל
Added Member To Class: ClassName=ץולא2 Member=Component R41 10 ךל
Added Member To Class: ClassName=ץולא2 Member=Component R42 1,1 ךל
Added Member To Class: ClassName=ץולא2 Member=Component R43 10 ךל
Added Member To Class: ClassName=ץולא2 Member=Component R44 1 ךל
Added Member To Class: ClassName=ץולא2 Member=Component R45 1ךל
Added Member To Class: ClassName=ץולא2 Member=Component R46 10 ךל
Added Member To Class: ClassName=ץולא2 Member=Component R47 1 ךל
Added Member To Class: ClassName=ץולא2 Member=Component R48 1ךל
Added Member To Class: ClassName=ץולא2 Member=Component XP1 PLS-4
Added Member To Class: ClassName=ץולא2 Member=Component XP2 PLS-2
Added Member To Class: ClassName=ץולא2 Member=Component XP3 PLS-4
Added Member To Class: ClassName=ץולא2 Member=Component XP4 PLS-4
Added Member To Class: ClassName=ץולא2 Member=Component XP5 PLS-3
Added Member To Class: ClassName=ץולא2 Member=Component XP6 PLS-4
Added Member To Class: ClassName=ץולא2 Member=Component XP7 PLS-4
Added Member To Class: ClassName=ץולא2 Member=Component XP8 PLS-2
Added Member To Class: ClassName=ץולא2 Member=Component XP9 PLS-2
Added Member To Class: ClassName=ץולא2 Member=Component XP10 PLS-2
Added Member To Class: ClassName=ץולא2 Member=Component XP11 PLS-2
Added Member To Class: ClassName=ץולא2 Member=Component XP12 PLS-4
Added Member To Class: ClassName=ץולא2 Member=Component XP13 PLS-2
Added Member To Class: ClassName=ץולא2 Member=Component XP14 PLS-4
Added Member To Class: ClassName=ץולא2 Member=Component XT1 כוללםטך םא 4
Added Room: Name= 
Added Room: Name=ץולא2
