Change Component Designator: Old Designator=C1 New Designator=C?
Change Component Designator: Old Designator=C2 New Designator=C?
Change Component Designator: Old Designator=C3 New Designator=C?
Change Component Designator: Old Designator=C4 New Designator=C?
Change Component Designator: Old Designator=C5 New Designator=C?
Change Component Designator: Old Designator=C6 New Designator=C?
Change Component Designator: Old Designator=C7 New Designator=C?
Change Component Designator: Old Designator=C8 New Designator=C?
Change Component Designator: Old Designator=C9 New Designator=C?
Change Component Designator: Old Designator=C10 New Designator=C?
Change Component Designator: Old Designator=C11 New Designator=C?
Change Component Designator: Old Designator=C12 New Designator=C?
Change Component Designator: Old Designator=C13 New Designator=C?
Change Component Designator: Old Designator=C14 New Designator=C?
Change Component Designator: Old Designator=C15 New Designator=C?
Change Component Designator: Old Designator=C16 New Designator=C?
Change Component Designator: Old Designator=C17 New Designator=C?
Change Component Designator: Old Designator=C18 New Designator=C?
Change Component Designator: Old Designator=C19 New Designator=C?
Change Component Designator: Old Designator=C20 New Designator=C?
Change Component Designator: Old Designator=C21 New Designator=C?
Change Component Designator: Old Designator=C22 New Designator=C?
Change Component Designator: Old Designator=C23 New Designator=C?
Change Component Designator: Old Designator=C24 New Designator=C?
Change Component Designator: Old Designator=C25 New Designator=C?
Change Component Designator: Old Designator=C26 New Designator=C?
Change Component Designator: Old Designator=C27 New Designator=C?
Change Component Designator: Old Designator=C28 New Designator=C?
Change Component Designator: Old Designator=C29 New Designator=C?
Change Component Designator: Old Designator=C30 New Designator=C?
Change Component Designator: Old Designator=C31 New Designator=C?
Change Component Designator: Old Designator=C32 New Designator=C?
Change Component Designator: Old Designator=C33 New Designator=C?
Change Component Designator: Old Designator=C34 New Designator=C?
Change Component Designator: Old Designator=C35 New Designator=C?
Change Component Designator: Old Designator=C36 New Designator=C?
Change Component Designator: Old Designator=C37 New Designator=C?
Change Component Designator: Old Designator=C38 New Designator=C?
Change Component Designator: Old Designator=C39 New Designator=C?
Change Component Designator: Old Designator=C40 New Designator=C?
Change Component Designator: Old Designator=C41 New Designator=C?
Change Component Designator: Old Designator=C42 New Designator=C?
Change Component Designator: Old Designator=C43 New Designator=C?
Change Component Designator: Old Designator=C44 New Designator=C?
Change Component Designator: Old Designator=C45 New Designator=C?
Change Component Designator: Old Designator=C46 New Designator=C?
Change Component Designator: Old Designator=C47 New Designator=C?
Change Component Designator: Old Designator=C48 New Designator=C?
Change Component Designator: Old Designator=C49 New Designator=C?
Change Component Designator: Old Designator=C50 New Designator=C?
Change Component Designator: Old Designator=C51 New Designator=C?
Change Component Designator: Old Designator=DA1 New Designator=DA?
Change Component Designator: Old Designator=DA2 New Designator=DA?
Change Component Designator: Old Designator=DA3 New Designator=DA?
Change Component Designator: Old Designator=DA3 New Designator=DA?
Change Component Designator: Old Designator=DA4 New Designator=DA?
Change Component Designator: Old Designator=DA4 New Designator=DA?
Change Component Designator: Old Designator=DA5 New Designator=DA?
Change Component Designator: Old Designator=DA5 New Designator=DA?
Change Component Designator: Old Designator=DA6 New Designator=DA?
Change Component Designator: Old Designator=DA6 New Designator=DA?
Change Component Designator: Old Designator=DA7 New Designator=DA?
Change Component Designator: Old Designator=DA8 New Designator=DA?
Change Component Designator: Old Designator=DA9 New Designator=DA?
Change Component Designator: Old Designator=DA9 New Designator=DA?
Change Component Designator: Old Designator=DA10 New Designator=DA?
Change Component Designator: Old Designator=DA10 New Designator=DA?
Change Component Designator: Old Designator=DA11 New Designator=DA?
Change Component Designator: Old Designator=DA11 New Designator=DA?
Change Component Designator: Old Designator=DA12 New Designator=DA?
Change Component Designator: Old Designator=DA13 New Designator=DA?
Change Component Designator: Old Designator=DA14 New Designator=DA?
Change Component Designator: Old Designator=DA14 New Designator=DA?
Change Component Designator: Old Designator=DA15 New Designator=DA?
Change Component Designator: Old Designator=DA15 New Designator=DA?
Change Component Designator: Old Designator=DA16 New Designator=DA?
Change Component Designator: Old Designator=DA16 New Designator=DA?
Change Component Designator: Old Designator=DA17 New Designator=DA?
Change Component Designator: Old Designator=DA17 New Designator=DA?
Change Component Designator: Old Designator=DA18 New Designator=DA?
Change Component Designator: Old Designator=HL1 New Designator=HL?
Change Component Designator: Old Designator=HL2 New Designator=HL?
Change Component Designator: Old Designator=R1 New Designator=R?
Change Component Designator: Old Designator=R2 New Designator=R?
Change Component Designator: Old Designator=R3 New Designator=R?
Change Component Designator: Old Designator=R4 New Designator=R?
Change Component Designator: Old Designator=R5 New Designator=R?
Change Component Designator: Old Designator=R6 New Designator=R?
Change Component Designator: Old Designator=R7 New Designator=R?
Change Component Designator: Old Designator=R8 New Designator=R?
Change Component Designator: Old Designator=R9 New Designator=R?
Change Component Designator: Old Designator=R10 New Designator=R?
Change Component Designator: Old Designator=R11 New Designator=R?
Change Component Designator: Old Designator=R12 New Designator=R?
Change Component Designator: Old Designator=R13 New Designator=R?
Change Component Designator: Old Designator=R14 New Designator=R?
Change Component Designator: Old Designator=R15 New Designator=R?
Change Component Designator: Old Designator=R16 New Designator=R?
Change Component Designator: Old Designator=R17 New Designator=R?
Change Component Designator: Old Designator=R18 New Designator=R?
Change Component Designator: Old Designator=R19 New Designator=R?
Change Component Designator: Old Designator=R20 New Designator=R?
Change Component Designator: Old Designator=R21 New Designator=R?
Change Component Designator: Old Designator=R22 New Designator=R?
Change Component Designator: Old Designator=R23 New Designator=R?
Change Component Designator: Old Designator=R24 New Designator=R?
Change Component Designator: Old Designator=R25 New Designator=R?
Change Component Designator: Old Designator=R26 New Designator=R?
Change Component Designator: Old Designator=R27 New Designator=R?
Change Component Designator: Old Designator=R28 New Designator=R?
Change Component Designator: Old Designator=R29 New Designator=R?
Change Component Designator: Old Designator=R30 New Designator=R?
Change Component Designator: Old Designator=R31 New Designator=R?
Change Component Designator: Old Designator=R32 New Designator=R?
Change Component Designator: Old Designator=R33 New Designator=R?
Change Component Designator: Old Designator=R34 New Designator=R?
Change Component Designator: Old Designator=R35 New Designator=R?
Change Component Designator: Old Designator=R36 New Designator=R?
Change Component Designator: Old Designator=R37 New Designator=R?
Change Component Designator: Old Designator=R38 New Designator=R?
Change Component Designator: Old Designator=R39 New Designator=R?
Change Component Designator: Old Designator=R40 New Designator=R?
Change Component Designator: Old Designator=R41 New Designator=R?
Change Component Designator: Old Designator=R42 New Designator=R?
Change Component Designator: Old Designator=R43 New Designator=R?
Change Component Designator: Old Designator=R44 New Designator=R?
Change Component Designator: Old Designator=R45 New Designator=R?
Change Component Designator: Old Designator=R46 New Designator=R?
Change Component Designator: Old Designator=R47 New Designator=R?
Change Component Designator: Old Designator=R48 New Designator=R?
Change Component Designator: Old Designator=R49 New Designator=R?
Change Component Designator: Old Designator=R50 New Designator=R?
Change Component Designator: Old Designator=R51 New Designator=R?
Change Component Designator: Old Designator=R52 New Designator=R?
Change Component Designator: Old Designator=R53 New Designator=R?
Change Component Designator: Old Designator=R54 New Designator=R?
Change Component Designator: Old Designator=R55 New Designator=R?
Change Component Designator: Old Designator=R56 New Designator=R?
Change Component Designator: Old Designator=R57 New Designator=R?
Change Component Designator: Old Designator=R58 New Designator=R?
Change Component Designator: Old Designator=R59 New Designator=R?
Change Component Designator: Old Designator=R60 New Designator=R?
Change Component Designator: Old Designator=SB1 New Designator=SB?
Change Component Designator: Old Designator=U1 New Designator=U?
Change Component Designator: Old Designator=XP1 New Designator=XP?
Change Component Designator: Old Designator=XP2 New Designator=XP?
Change Component Designator: Old Designator=XP3 New Designator=XP?
Change Component Designator: Old Designator=XP4 New Designator=XP?
Change Component Designator: Old Designator=XP5 New Designator=XP?
Change Component Designator: Old Designator=ZX1 New Designator=ZX?
Change Component Designator: Old Designator=Ñ1 New Designator=Ñ?
Change Component Designator: Old Designator=Ñ2 New Designator=Ñ?
