Change Component Footprint: Designator=C13 Old Footprint=CA_0805 New Footprint=RE_0805
Change Component Footprint: Designator=C14 Old Footprint=CA_0805 New Footprint=RE_0805
Change Component Footprint: Designator=C15 Old Footprint=CA_0805 New Footprint=RE_0805
Change Component Footprint: Designator=C16 Old Footprint=CA_0805 New Footprint=RE_0805
Change Component Footprint: Designator=C17 Old Footprint=CA_0805 New Footprint=RE_0805
Change Component Footprint: Designator=C18 Old Footprint=CA_0805 New Footprint=RE_0805
Change Component Footprint: Designator=C19 Old Footprint=CA_0805 New Footprint=RE_0805
Change Component Footprint: Designator=C20 Old Footprint=CA_0805 New Footprint=RE_0805
Change Component Footprint: Designator=C21 Old Footprint=CA_0805 New Footprint=RE_0805
Change Component Footprint: Designator=C22 Old Footprint=CA_0805 New Footprint=RE_0805
Change Component Footprint: Designator=C23 Old Footprint=CA_0805 New Footprint=RE_0805
Change Component Footprint: Designator=C24 Old Footprint=CA_0805 New Footprint=RE_0805
Change Component Footprint: Designator=C25 Old Footprint=CA_0805 New Footprint=RE_0805
Change Component Footprint: Designator=C26 Old Footprint=CA_0805 New Footprint=RE_0805
Change Component Footprint: Designator=C27 Old Footprint=CA_0805 New Footprint=RE_0805
Change Component Footprint: Designator=C28 Old Footprint=CA_0805 New Footprint=RE_0805
Change Component Footprint: Designator=C29 Old Footprint=CA_0805 New Footprint=RE_0805
Change Component Footprint: Designator=C30 Old Footprint=CA_0805 New Footprint=RE_0805
Change Component Footprint: Designator=C31 Old Footprint=CA_0805 New Footprint=RE_0805
Change Component Footprint: Designator=C32 Old Footprint=CA_0805 New Footprint=RE_0805
Change Component Footprint: Designator=C33 Old Footprint=CA_0805 New Footprint=RE_0805
Change Component Footprint: Designator=C34 Old Footprint=CA_0805 New Footprint=RE_0805
Change Component Footprint: Designator=C35 Old Footprint=CA_0805 New Footprint=RE_0805
Change Component Footprint: Designator=C36 Old Footprint=CA_0805 New Footprint=RE_0805
Change Component Footprint: Designator=C37 Old Footprint=CA_0805 New Footprint=RE_0805
Change Component Footprint: Designator=C38 Old Footprint=CA_0805 New Footprint=RE_0805
Change Component Footprint: Designator=C39 Old Footprint=CA_0805 New Footprint=RE_0805
Change Component Footprint: Designator=C40 Old Footprint=CA_0805 New Footprint=RE_0805
Change Component Footprint: Designator=C41 Old Footprint=CA_0805 New Footprint=RE_0805
Change Component Footprint: Designator=C42 Old Footprint=CA_0805 New Footprint=RE_0805
Change Component Footprint: Designator=C43 Old Footprint=CA_0805 New Footprint=RE_0805
Change Component Footprint: Designator=C44 Old Footprint=CA_0805 New Footprint=RE_0805
Change Component Footprint: Designator=C45 Old Footprint=CA_0805 New Footprint=RE_0805
Change Component Footprint: Designator=C46 Old Footprint=CA_0805 New Footprint=RE_0805
Change Component Footprint: Designator=C47 Old Footprint=CA_0805 New Footprint=RE_0805
Change Component Footprint: Designator=C48 Old Footprint=CA_0805 New Footprint=RE_0805
Change Component Footprint: Designator=C49 Old Footprint=CA_0805 New Footprint=RE_0805
Change Component Footprint: Designator=C50 Old Footprint=CA_0805 New Footprint=RE_0805
Change Component Footprint: Designator=C51 Old Footprint=CA_0805 New Footprint=RE_0805
Change Component Footprint: Designator=C52 Old Footprint=CA_0805 New Footprint=RE_0805
Change Component Footprint: Designator=C53 Old Footprint=CA_0805 New Footprint=RE_0805
Change Component Footprint: Designator=C54 Old Footprint=CA_0805 New Footprint=RE_0805
Change Component Footprint: Designator=C55 Old Footprint=CA_0805 New Footprint=RE_0805
Change Component Footprint: Designator=C56 Old Footprint=CA_0805 New Footprint=RE_0805
Change Component Comment: Designator=C13 Old Comment= онденсатор New Comment=0,1 мк
Change Component Comment: Designator=C15 Old Comment= онденсатор New Comment=0,1 мк
Change Component Comment: Designator=C16 Old Comment= онденсатор New Comment=0,1 мк
Change Component Comment: Designator=C19 Old Comment= онденсатор New Comment=0,1 мк
Change Component Comment: Designator=C20 Old Comment= онденсатор New Comment=0,1 мк
Change Component Comment: Designator=C21 Old Comment= онденсатор New Comment=0,1 мк
Change Component Comment: Designator=C22 Old Comment= онденсатор New Comment=0,1 мк
Change Component Comment: Designator=C23 Old Comment= онденсатор New Comment=0,1 мк
Change Component Comment: Designator=C24 Old Comment= онденсатор New Comment=0,1 мк
Change Component Comment: Designator=C25 Old Comment= онденсатор New Comment=0,1 мк
Change Component Comment: Designator=C26 Old Comment= онденсатор New Comment=0,1 мк
Change Component Comment: Designator=C29 Old Comment= онденсатор New Comment=0,1 мк
Change Component Comment: Designator=C30 Old Comment= онденсатор New Comment=0,1 мк
Change Component Comment: Designator=C32 Old Comment= онденсатор New Comment=0,1 мк
Change Component Comment: Designator=C33 Old Comment= онденсатор New Comment=0,1 мк
Change Component Comment: Designator=C34 Old Comment= онденсатор New Comment=0,1 мк
Change Component Comment: Designator=C35 Old Comment= онденсатор New Comment=0,1 мк
Change Component Comment: Designator=C36 Old Comment= онденсатор New Comment=0,1 мк
Change Component Comment: Designator=C37 Old Comment= онденсатор New Comment=0,1 мк
Change Component Comment: Designator=C38 Old Comment= онденсатор New Comment=0,1 мк
Change Component Comment: Designator=C42 Old Comment= онденсатор New Comment=0,1 мк
Change Component Comment: Designator=C43 Old Comment= онденсатор New Comment=0,1 мк
Change Component Comment: Designator=C44 Old Comment= онденсатор New Comment=0,1 мк
Change Component Comment: Designator=C45 Old Comment= онденсатор New Comment=0,1 мк
Change Component Comment: Designator=C46 Old Comment= онденсатор New Comment=0,1 мк
Change Component Comment: Designator=C47 Old Comment= онденсатор New Comment=0,1 мк
Change Component Comment: Designator=C48 Old Comment= онденсатор New Comment=0,1 мк
Change Component Comment: Designator=C50 Old Comment= онденсатор New Comment=0,1 мк
Change Component Comment: Designator=C51 Old Comment= онденсатор New Comment=0,1 мк
Change Component Comment: Designator=C54 Old Comment= онденсатор New Comment=0,1 мк
Change Component Comment: Designator=C55 Old Comment= онденсатор New Comment=0,1 мк
Change Component Comment: Designator=C56 Old Comment= онденсатор New Comment=0,1 мк
Change Component Comment: Designator=C17 Old Comment= онденсатор New Comment=47 н‘
Change Component Comment: Designator=C28 Old Comment= онденсатор New Comment=47 н‘
Change Component Comment: Designator=C40 Old Comment= онденсатор New Comment=47 н‘
Change Component Comment: Designator=C49 Old Comment= онденсатор New Comment=47 н‘
Change Component Comment: Designator=C18 Old Comment= онденсатор New Comment=47 п‘
Change Component Comment: Designator=C31 Old Comment= онденсатор New Comment=47 п‘
Change Component Comment: Designator=C41 Old Comment= онденсатор New Comment=47 п‘
Change Component Comment: Designator=C52 Old Comment= онденсатор New Comment=47 п‘
Change Component Comment: Designator=C14 Old Comment= онденсатор New Comment=68 н‘
Change Component Comment: Designator=C27 Old Comment= онденсатор New Comment=68 н‘
Change Component Comment: Designator=C39 Old Comment= онденсатор New Comment=68 н‘
Change Component Comment: Designator=C53 Old Comment= онденсатор New Comment=68 н‘
Change Component Comment: Designator=R11 Old Comment=–езистор New Comment=2.2 кќм
Change Component Comment: Designator=R15 Old Comment=–езистор New Comment=2.2 кќм
Change Component Comment: Designator=R20 Old Comment=–езистор New Comment=2.2 кќм
Change Component Comment: Designator=R27 Old Comment=–езистор New Comment=2.2 кќм
Change Component Comment: Designator=R32 Old Comment=–езистор New Comment=2.2 кќм
Change Component Comment: Designator=R37 Old Comment=–езистор New Comment=2.2 кќм
Change Component Comment: Designator=R44 Old Comment=–езистор New Comment=2.2 кќм
Change Component Comment: Designator=R49 Old Comment=–езистор New Comment=2.2 кќм
Change Component Comment: Designator=R54 Old Comment=–езистор New Comment=2.2 кќм
Change Component Comment: Designator=R16 Old Comment=–езистор New Comment=3.6 кќм
Change Component Comment: Designator=R33 Old Comment=–езистор New Comment=3.6 кќм
Change Component Comment: Designator=R50 Old Comment=–езистор New Comment=3.6 кќм
Change Component Comment: Designator=R23 Old Comment=–езистор New Comment=4.7 к
Change Component Comment: Designator=R40 Old Comment=–езистор New Comment=4.7 к
Change Component Comment: Designator=R57 Old Comment=–езистор New Comment=4.7 к
Change Component Comment: Designator=R59 Old Comment=–езистор New Comment=8.2 кќм
Change Component Comment: Designator=R7 Old Comment=–езистор New Comment=10 к
Change Component Comment: Designator=R8 Old Comment=–езистор New Comment=10 к
Change Component Comment: Designator=R9 Old Comment=–езистор New Comment=10 к
Change Component Comment: Designator=R24 Old Comment=–езистор New Comment=10 к
Change Component Comment: Designator=R25 Old Comment=–езистор New Comment=10 к
Change Component Comment: Designator=R28 Old Comment=–езистор New Comment=10 к
Change Component Comment: Designator=R41 Old Comment=–езистор New Comment=10 к
Change Component Comment: Designator=R43 Old Comment=–езистор New Comment=10 к
Change Component Comment: Designator=R47 Old Comment=–езистор New Comment=10 к
Change Component Comment: Designator=R10 Old Comment=–езистор New Comment=10 кќм
Change Component Comment: Designator=R13 Old Comment=–езистор New Comment=10 кќм
Change Component Comment: Designator=R14 Old Comment=–езистор New Comment=10 кќм
Change Component Comment: Designator=R17 Old Comment=–езистор New Comment=10 кќм
Change Component Comment: Designator=R19 Old Comment=–езистор New Comment=10 кќм
Change Component Comment: Designator=R21 Old Comment=–езистор New Comment=10 кќм
Change Component Comment: Designator=R26 Old Comment=–езистор New Comment=10 кќм
Change Component Comment: Designator=R30 Old Comment=–езистор New Comment=10 кќм
Change Component Comment: Designator=R31 Old Comment=–езистор New Comment=10 кќм
Change Component Comment: Designator=R34 Old Comment=–езистор New Comment=10 кќм
Change Component Comment: Designator=R36 Old Comment=–езистор New Comment=10 кќм
Change Component Comment: Designator=R38 Old Comment=–езистор New Comment=10 кќм
Change Component Comment: Designator=R42 Old Comment=–езистор New Comment=10 кќм
Change Component Comment: Designator=R46 Old Comment=–езистор New Comment=10 кќм
Change Component Comment: Designator=R48 Old Comment=–езистор New Comment=10 кќм
Change Component Comment: Designator=R51 Old Comment=–езистор New Comment=10 кќм
Change Component Comment: Designator=R53 Old Comment=–езистор New Comment=10 кќм
Change Component Comment: Designator=R55 Old Comment=–езистор New Comment=10 кќм
Change Component Comment: Designator=R12 Old Comment=–езистор New Comment=18 кќм
Change Component Comment: Designator=R29 Old Comment=–езистор New Comment=18 кќм
Change Component Comment: Designator=R45 Old Comment=–езистор New Comment=18 кќм
Change Component Comment: Designator=R18 Old Comment=–езистор New Comment=20 кќм
Change Component Comment: Designator=R22 Old Comment=–езистор New Comment=20 кќм
Change Component Comment: Designator=R35 Old Comment=–езистор New Comment=20 кќм
Change Component Comment: Designator=R39 Old Comment=–езистор New Comment=20 кќм
Change Component Comment: Designator=R52 Old Comment=–езистор New Comment=20 кќм
Change Component Comment: Designator=R56 Old Comment=–езистор New Comment=20 кќм
Change Component Comment: Designator=R60 Old Comment=–езистор New Comment=20 кќм
Change Component Comment: Designator=R58 Old Comment=–езистор New Comment=100 кќм
Change Component Comment: Designator=R4 Old Comment=–езистор New Comment=330 ќм
Change Component Comment: Designator=R6 Old Comment=–езистор New Comment=330 ќм
