Replace Part A1 BluePill in D:\Учеба\Стенд рекупертор\PCB_Project\схема.SchDoc with BluePill from Schlib1.SchLib
Replace Part C13 Конденсатор in D:\Учеба\Стенд рекупертор\PCB_Project\схема.SchDoc with Конденсатор from Schlib1.SchLib
Replace Part C14 Конденсатор in D:\Учеба\Стенд рекупертор\PCB_Project\схема.SchDoc with Конденсатор from Schlib1.SchLib
Replace Part C15 Конденсатор in D:\Учеба\Стенд рекупертор\PCB_Project\схема.SchDoc with Конденсатор from Schlib1.SchLib
Replace Part C16 Конденсатор in D:\Учеба\Стенд рекупертор\PCB_Project\схема.SchDoc with Конденсатор from Schlib1.SchLib
Replace Part C17 Конденсатор in D:\Учеба\Стенд рекупертор\PCB_Project\схема.SchDoc with Конденсатор from Schlib1.SchLib
Replace Part C18 Конденсатор in D:\Учеба\Стенд рекупертор\PCB_Project\схема.SchDoc with Конденсатор from Schlib1.SchLib
Replace Part C19 Конденсатор in D:\Учеба\Стенд рекупертор\PCB_Project\схема.SchDoc with Конденсатор from Schlib1.SchLib
Replace Part C20 Конденсатор in D:\Учеба\Стенд рекупертор\PCB_Project\схема.SchDoc with Конденсатор from Schlib1.SchLib
Replace Part C21 Конденсатор in D:\Учеба\Стенд рекупертор\PCB_Project\схема.SchDoc with Конденсатор from Schlib1.SchLib
Replace Part C22 Конденсатор in D:\Учеба\Стенд рекупертор\PCB_Project\схема.SchDoc with Конденсатор from Schlib1.SchLib
Replace Part C23 Конденсатор in D:\Учеба\Стенд рекупертор\PCB_Project\схема.SchDoc with Конденсатор from Schlib1.SchLib
Replace Part C24 Конденсатор in D:\Учеба\Стенд рекупертор\PCB_Project\схема.SchDoc with Конденсатор from Schlib1.SchLib
Replace Part C25 Конденсатор in D:\Учеба\Стенд рекупертор\PCB_Project\схема.SchDoc with Конденсатор from Schlib1.SchLib
Replace Part C26 Конденсатор in D:\Учеба\Стенд рекупертор\PCB_Project\схема.SchDoc with Конденсатор from Schlib1.SchLib
Replace Part C27 Конденсатор in D:\Учеба\Стенд рекупертор\PCB_Project\схема.SchDoc with Конденсатор from Schlib1.SchLib
Replace Part C28 Конденсатор in D:\Учеба\Стенд рекупертор\PCB_Project\схема.SchDoc with Конденсатор from Schlib1.SchLib
Replace Part C29 Конденсатор in D:\Учеба\Стенд рекупертор\PCB_Project\схема.SchDoc with Конденсатор from Schlib1.SchLib
Replace Part C30 Конденсатор in D:\Учеба\Стенд рекупертор\PCB_Project\схема.SchDoc with Конденсатор from Schlib1.SchLib
Replace Part C31 Конденсатор in D:\Учеба\Стенд рекупертор\PCB_Project\схема.SchDoc with Конденсатор from Schlib1.SchLib
Replace Part C32 Конденсатор in D:\Учеба\Стенд рекупертор\PCB_Project\схема.SchDoc with Конденсатор from Schlib1.SchLib
Replace Part C33 Конденсатор in D:\Учеба\Стенд рекупертор\PCB_Project\схема.SchDoc with Конденсатор from Schlib1.SchLib
Replace Part C34 Конденсатор in D:\Учеба\Стенд рекупертор\PCB_Project\схема.SchDoc with Конденсатор from Schlib1.SchLib
Replace Part C35 Конденсатор in D:\Учеба\Стенд рекупертор\PCB_Project\схема.SchDoc with Конденсатор from Schlib1.SchLib
Replace Part C36 Конденсатор in D:\Учеба\Стенд рекупертор\PCB_Project\схема.SchDoc with Конденсатор from Schlib1.SchLib
Replace Part C37 Конденсатор in D:\Учеба\Стенд рекупертор\PCB_Project\схема.SchDoc with Конденсатор from Schlib1.SchLib
Replace Part C38 Конденсатор in D:\Учеба\Стенд рекупертор\PCB_Project\схема.SchDoc with Конденсатор from Schlib1.SchLib
Replace Part C39 Конденсатор in D:\Учеба\Стенд рекупертор\PCB_Project\схема.SchDoc with Конденсатор from Schlib1.SchLib
Replace Part C40 Конденсатор in D:\Учеба\Стенд рекупертор\PCB_Project\схема.SchDoc with Конденсатор from Schlib1.SchLib
Replace Part C41 Конденсатор in D:\Учеба\Стенд рекупертор\PCB_Project\схема.SchDoc with Конденсатор from Schlib1.SchLib
Replace Part C42 Конденсатор in D:\Учеба\Стенд рекупертор\PCB_Project\схема.SchDoc with Конденсатор from Schlib1.SchLib
Replace Part C43 Конденсатор in D:\Учеба\Стенд рекупертор\PCB_Project\схема.SchDoc with Конденсатор from Schlib1.SchLib
Replace Part C44 Конденсатор in D:\Учеба\Стенд рекупертор\PCB_Project\схема.SchDoc with Конденсатор from Schlib1.SchLib
Replace Part C45 Конденсатор in D:\Учеба\Стенд рекупертор\PCB_Project\схема.SchDoc with Конденсатор from Schlib1.SchLib
Replace Part C46 Конденсатор in D:\Учеба\Стенд рекупертор\PCB_Project\схема.SchDoc with Конденсатор from Schlib1.SchLib
Replace Part C47 Конденсатор in D:\Учеба\Стенд рекупертор\PCB_Project\схема.SchDoc with Конденсатор from Schlib1.SchLib
Replace Part C48 Конденсатор in D:\Учеба\Стенд рекупертор\PCB_Project\схема.SchDoc with Конденсатор from Schlib1.SchLib
Replace Part C49 Конденсатор in D:\Учеба\Стенд рекупертор\PCB_Project\схема.SchDoc with Конденсатор from Schlib1.SchLib
Replace Part C50 Конденсатор in D:\Учеба\Стенд рекупертор\PCB_Project\схема.SchDoc with Конденсатор from Schlib1.SchLib
Replace Part C51 Конденсатор in D:\Учеба\Стенд рекупертор\PCB_Project\схема.SchDoc with Конденсатор from Schlib1.SchLib
Replace Part C52 Конденсатор in D:\Учеба\Стенд рекупертор\PCB_Project\схема.SchDoc with Конденсатор from Schlib1.SchLib
Replace Part C53 Конденсатор in D:\Учеба\Стенд рекупертор\PCB_Project\схема.SchDoc with Конденсатор from Schlib1.SchLib
Replace Part C54 Конденсатор in D:\Учеба\Стенд рекупертор\PCB_Project\схема.SchDoc with Конденсатор from Schlib1.SchLib
Replace Part C55 Конденсатор in D:\Учеба\Стенд рекупертор\PCB_Project\схема.SchDoc with Конденсатор from Schlib1.SchLib
Replace Part C56 Конденсатор in D:\Учеба\Стенд рекупертор\PCB_Project\схема.SchDoc with Конденсатор from Schlib1.SchLib
Replace Part DA2 LM311 in D:\Учеба\Стенд рекупертор\PCB_Project\схема.SchDoc with LM311 from Schlib1.SchLib
Replace Part DA3 OPA2134 in D:\Учеба\Стенд рекупертор\PCB_Project\схема.SchDoc with OPA2134 from Schlib1.SchLib
Replace Part DA3 OPA2134 in D:\Учеба\Стенд рекупертор\PCB_Project\схема.SchDoc with OPA2134 from Schlib1.SchLib
Replace Part DA4 OPA2134 in D:\Учеба\Стенд рекупертор\PCB_Project\схема.SchDoc with OPA2134 from Schlib1.SchLib
Replace Part DA4 OPA2134 in D:\Учеба\Стенд рекупертор\PCB_Project\схема.SchDoc with OPA2134 from Schlib1.SchLib
Replace Part DA5 OPA2134 in D:\Учеба\Стенд рекупертор\PCB_Project\схема.SchDoc with OPA2134 from Schlib1.SchLib
Replace Part DA5 OPA2134 in D:\Учеба\Стенд рекупертор\PCB_Project\схема.SchDoc with OPA2134 from Schlib1.SchLib
Replace Part DA6 AD8602 in D:\Учеба\Стенд рекупертор\PCB_Project\схема.SchDoc with AD8602 from Schlib1.SchLib
Replace Part DA6 AD8602 in D:\Учеба\Стенд рекупертор\PCB_Project\схема.SchDoc with AD8602 from Schlib1.SchLib
Replace Part DA7 ADG419 in D:\Учеба\Стенд рекупертор\PCB_Project\схема.SchDoc with ADG419 from Schlib1.SchLib
Replace Part DA8 LM311 in D:\Учеба\Стенд рекупертор\PCB_Project\схема.SchDoc with LM311 from Schlib1.SchLib
Replace Part DA9 OPA2134 in D:\Учеба\Стенд рекупертор\PCB_Project\схема.SchDoc with OPA2134 from Schlib1.SchLib
Replace Part DA9 OPA2134 in D:\Учеба\Стенд рекупертор\PCB_Project\схема.SchDoc with OPA2134 from Schlib1.SchLib
Replace Part DA10 OPA2134 in D:\Учеба\Стенд рекупертор\PCB_Project\схема.SchDoc with OPA2134 from Schlib1.SchLib
Replace Part DA10 OPA2134 in D:\Учеба\Стенд рекупертор\PCB_Project\схема.SchDoc with OPA2134 from Schlib1.SchLib
Replace Part DA11 OPA2134 in D:\Учеба\Стенд рекупертор\PCB_Project\схема.SchDoc with OPA2134 from Schlib1.SchLib
Replace Part DA11 OPA2134 in D:\Учеба\Стенд рекупертор\PCB_Project\схема.SchDoc with OPA2134 from Schlib1.SchLib
Replace Part DA12 ADG419 in D:\Учеба\Стенд рекупертор\PCB_Project\схема.SchDoc with ADG419 from Schlib1.SchLib
Replace Part DA13 LM311 in D:\Учеба\Стенд рекупертор\PCB_Project\схема.SchDoc with LM311 from Schlib1.SchLib
Replace Part DA14 OPA2134 in D:\Учеба\Стенд рекупертор\PCB_Project\схема.SchDoc with OPA2134 from Schlib1.SchLib
Replace Part DA14 OPA2134 in D:\Учеба\Стенд рекупертор\PCB_Project\схема.SchDoc with OPA2134 from Schlib1.SchLib
Replace Part DA15 OPA2134 in D:\Учеба\Стенд рекупертор\PCB_Project\схема.SchDoc with OPA2134 from Schlib1.SchLib
Replace Part DA15 OPA2134 in D:\Учеба\Стенд рекупертор\PCB_Project\схема.SchDoc with OPA2134 from Schlib1.SchLib
Replace Part DA16 OPA2134 in D:\Учеба\Стенд рекупертор\PCB_Project\схема.SchDoc with OPA2134 from Schlib1.SchLib
Replace Part DA16 OPA2134 in D:\Учеба\Стенд рекупертор\PCB_Project\схема.SchDoc with OPA2134 from Schlib1.SchLib
Replace Part DA17 AD8602 in D:\Учеба\Стенд рекупертор\PCB_Project\схема.SchDoc with AD8602 from Schlib1.SchLib
Replace Part DA17 AD8602 in D:\Учеба\Стенд рекупертор\PCB_Project\схема.SchDoc with AD8602 from Schlib1.SchLib
Replace Part DA18 ADG419 in D:\Учеба\Стенд рекупертор\PCB_Project\схема.SchDoc with ADG419 from Schlib1.SchLib
Replace Part HL1 Свеодиод in D:\Учеба\Стенд рекупертор\PCB_Project\схема.SchDoc with Свеодиод from Schlib1.SchLib
Replace Part HL2 Свеодиод in D:\Учеба\Стенд рекупертор\PCB_Project\схема.SchDoc with Свеодиод from Schlib1.SchLib
Replace Part J1 Socket in D:\Учеба\Стенд рекупертор\PCB_Project\схема.SchDoc with Socket from Miscellaneous Connectors.IntLib
Replace Part J2 Socket in D:\Учеба\Стенд рекупертор\PCB_Project\схема.SchDoc with Socket from Miscellaneous Connectors.IntLib
Replace Part J3 Socket in D:\Учеба\Стенд рекупертор\PCB_Project\схема.SchDoc with Socket from Miscellaneous Connectors.IntLib
Replace Part J4 Socket in D:\Учеба\Стенд рекупертор\PCB_Project\схема.SchDoc with Socket from Miscellaneous Connectors.IntLib
Replace Part J5 Socket in D:\Учеба\Стенд рекупертор\PCB_Project\схема.SchDoc with Socket from Miscellaneous Connectors.IntLib
Replace Part J6 Socket in D:\Учеба\Стенд рекупертор\PCB_Project\схема.SchDoc with Socket from Miscellaneous Connectors.IntLib
Replace Part J7 Socket in D:\Учеба\Стенд рекупертор\PCB_Project\схема.SchDoc with Socket from Miscellaneous Connectors.IntLib
Replace Part J8 Socket in D:\Учеба\Стенд рекупертор\PCB_Project\схема.SchDoc with Socket from Miscellaneous Connectors.IntLib
Replace Part J9 Socket in D:\Учеба\Стенд рекупертор\PCB_Project\схема.SchDoc with Socket from Miscellaneous Connectors.IntLib
Replace Part J10 Socket in D:\Учеба\Стенд рекупертор\PCB_Project\схема.SchDoc with Socket from Miscellaneous Connectors.IntLib
Replace Part J11 Socket in D:\Учеба\Стенд рекупертор\PCB_Project\схема.SchDoc with Socket from Miscellaneous Connectors.IntLib
Replace Part J12 Socket in D:\Учеба\Стенд рекупертор\PCB_Project\схема.SchDoc with Socket from Miscellaneous Connectors.IntLib
Replace Part R4 Резистор in D:\Учеба\Стенд рекупертор\PCB_Project\схема.SchDoc with Резистор from Schlib1.SchLib
Replace Part R6 Резистор in D:\Учеба\Стенд рекупертор\PCB_Project\схема.SchDoc with Резистор from Schlib1.SchLib
Replace Part R7 Резистор in D:\Учеба\Стенд рекупертор\PCB_Project\схема.SchDoc with Резистор from Schlib1.SchLib
Replace Part R8 Резистор in D:\Учеба\Стенд рекупертор\PCB_Project\схема.SchDoc with Резистор from Schlib1.SchLib
Replace Part R9 Резистор in D:\Учеба\Стенд рекупертор\PCB_Project\схема.SchDoc with Резистор from Schlib1.SchLib
Replace Part R10 Резистор in D:\Учеба\Стенд рекупертор\PCB_Project\схема.SchDoc with Резистор from Schlib1.SchLib
Replace Part R11 Резистор in D:\Учеба\Стенд рекупертор\PCB_Project\схема.SchDoc with Резистор from Schlib1.SchLib
Replace Part R12 Резистор in D:\Учеба\Стенд рекупертор\PCB_Project\схема.SchDoc with Резистор from Schlib1.SchLib
Replace Part R13 Резистор in D:\Учеба\Стенд рекупертор\PCB_Project\схема.SchDoc with Резистор from Schlib1.SchLib
Replace Part R14 Резистор in D:\Учеба\Стенд рекупертор\PCB_Project\схема.SchDoc with Резистор from Schlib1.SchLib
Replace Part R15 Резистор in D:\Учеба\Стенд рекупертор\PCB_Project\схема.SchDoc with Резистор from Schlib1.SchLib
Replace Part R16 Резистор in D:\Учеба\Стенд рекупертор\PCB_Project\схема.SchDoc with Резистор from Schlib1.SchLib
Replace Part R17 Резистор in D:\Учеба\Стенд рекупертор\PCB_Project\схема.SchDoc with Резистор from Schlib1.SchLib
Replace Part R18 Резистор in D:\Учеба\Стенд рекупертор\PCB_Project\схема.SchDoc with Резистор from Schlib1.SchLib
Replace Part R19 Резистор in D:\Учеба\Стенд рекупертор\PCB_Project\схема.SchDoc with Резистор from Schlib1.SchLib
Replace Part R20 Резистор in D:\Учеба\Стенд рекупертор\PCB_Project\схема.SchDoc with Резистор from Schlib1.SchLib
Replace Part R21 Резистор in D:\Учеба\Стенд рекупертор\PCB_Project\схема.SchDoc with Резистор from Schlib1.SchLib
Replace Part R22 Резистор in D:\Учеба\Стенд рекупертор\PCB_Project\схема.SchDoc with Резистор from Schlib1.SchLib
Replace Part R23 Резистор in D:\Учеба\Стенд рекупертор\PCB_Project\схема.SchDoc with Резистор from Schlib1.SchLib
Replace Part R24 Резистор in D:\Учеба\Стенд рекупертор\PCB_Project\схема.SchDoc with Резистор from Schlib1.SchLib
Replace Part R25 Резистор in D:\Учеба\Стенд рекупертор\PCB_Project\схема.SchDoc with Резистор from Schlib1.SchLib
Replace Part R26 Резистор in D:\Учеба\Стенд рекупертор\PCB_Project\схема.SchDoc with Резистор from Schlib1.SchLib
Replace Part R27 Резистор in D:\Учеба\Стенд рекупертор\PCB_Project\схема.SchDoc with Резистор from Schlib1.SchLib
Replace Part R28 Резистор in D:\Учеба\Стенд рекупертор\PCB_Project\схема.SchDoc with Резистор from Schlib1.SchLib
Replace Part R29 Резистор in D:\Учеба\Стенд рекупертор\PCB_Project\схема.SchDoc with Резистор from Schlib1.SchLib
Replace Part R30 Резистор in D:\Учеба\Стенд рекупертор\PCB_Project\схема.SchDoc with Резистор from Schlib1.SchLib
Replace Part R31 Резистор in D:\Учеба\Стенд рекупертор\PCB_Project\схема.SchDoc with Резистор from Schlib1.SchLib
Replace Part R32 Резистор in D:\Учеба\Стенд рекупертор\PCB_Project\схема.SchDoc with Резистор from Schlib1.SchLib
Replace Part R33 Резистор in D:\Учеба\Стенд рекупертор\PCB_Project\схема.SchDoc with Резистор from Schlib1.SchLib
Replace Part R34 Резистор in D:\Учеба\Стенд рекупертор\PCB_Project\схема.SchDoc with Резистор from Schlib1.SchLib
Replace Part R35 Резистор in D:\Учеба\Стенд рекупертор\PCB_Project\схема.SchDoc with Резистор from Schlib1.SchLib
Replace Part R36 Резистор in D:\Учеба\Стенд рекупертор\PCB_Project\схема.SchDoc with Резистор from Schlib1.SchLib
Replace Part R37 Резистор in D:\Учеба\Стенд рекупертор\PCB_Project\схема.SchDoc with Резистор from Schlib1.SchLib
Replace Part R38 Резистор in D:\Учеба\Стенд рекупертор\PCB_Project\схема.SchDoc with Резистор from Schlib1.SchLib
Replace Part R39 Резистор in D:\Учеба\Стенд рекупертор\PCB_Project\схема.SchDoc with Резистор from Schlib1.SchLib
Replace Part R40 Резистор in D:\Учеба\Стенд рекупертор\PCB_Project\схема.SchDoc with Резистор from Schlib1.SchLib
Replace Part R41 Резистор in D:\Учеба\Стенд рекупертор\PCB_Project\схема.SchDoc with Резистор from Schlib1.SchLib
Replace Part R42 Резистор in D:\Учеба\Стенд рекупертор\PCB_Project\схема.SchDoc with Резистор from Schlib1.SchLib
Replace Part R43 Резистор in D:\Учеба\Стенд рекупертор\PCB_Project\схема.SchDoc with Резистор from Schlib1.SchLib
Replace Part R44 Резистор in D:\Учеба\Стенд рекупертор\PCB_Project\схема.SchDoc with Резистор from Schlib1.SchLib
Replace Part R45 Резистор in D:\Учеба\Стенд рекупертор\PCB_Project\схема.SchDoc with Резистор from Schlib1.SchLib
Replace Part R46 Резистор in D:\Учеба\Стенд рекупертор\PCB_Project\схема.SchDoc with Резистор from Schlib1.SchLib
Replace Part R47 Резистор in D:\Учеба\Стенд рекупертор\PCB_Project\схема.SchDoc with Резистор from Schlib1.SchLib
Replace Part R48 Резистор in D:\Учеба\Стенд рекупертор\PCB_Project\схема.SchDoc with Резистор from Schlib1.SchLib
Replace Part R49 Резистор in D:\Учеба\Стенд рекупертор\PCB_Project\схема.SchDoc with Резистор from Schlib1.SchLib
Replace Part R50 Резистор in D:\Учеба\Стенд рекупертор\PCB_Project\схема.SchDoc with Резистор from Schlib1.SchLib
Replace Part R51 Резистор in D:\Учеба\Стенд рекупертор\PCB_Project\схема.SchDoc with Резистор from Schlib1.SchLib
Replace Part R52 Резистор in D:\Учеба\Стенд рекупертор\PCB_Project\схема.SchDoc with Резистор from Schlib1.SchLib
Replace Part R53 Резистор in D:\Учеба\Стенд рекупертор\PCB_Project\схема.SchDoc with Резистор from Schlib1.SchLib
Replace Part R54 Резистор in D:\Учеба\Стенд рекупертор\PCB_Project\схема.SchDoc with Резистор from Schlib1.SchLib
Replace Part R55 Резистор in D:\Учеба\Стенд рекупертор\PCB_Project\схема.SchDoc with Резистор from Schlib1.SchLib
Replace Part R56 Резистор in D:\Учеба\Стенд рекупертор\PCB_Project\схема.SchDoc with Резистор from Schlib1.SchLib
Replace Part R57 Резистор in D:\Учеба\Стенд рекупертор\PCB_Project\схема.SchDoc with Резистор from Schlib1.SchLib
Replace Part R58 Резистор in D:\Учеба\Стенд рекупертор\PCB_Project\схема.SchDoc with Резистор from Schlib1.SchLib
Replace Part R59 Резистор in D:\Учеба\Стенд рекупертор\PCB_Project\схема.SchDoc with Резистор from Schlib1.SchLib
Replace Part R60 Резистор in D:\Учеба\Стенд рекупертор\PCB_Project\схема.SchDoc with Резистор from Schlib1.SchLib
Replace Part XP1 PLS-4 in D:\Учеба\Стенд рекупертор\PCB_Project\схема.SchDoc with PLS-4 from Schlib1.SchLib
Replace Part XP2 PLS-3 in D:\Учеба\Стенд рекупертор\PCB_Project\схема.SchDoc with PLS-3 from Schlib1.SchLib
Replace Part XP3 Header 2 in D:\Учеба\Стенд рекупертор\PCB_Project\схема.SchDoc with Header 2 from Miscellaneous Connectors.IntLib
Replace Part XP4 PLS-4 in D:\Учеба\Стенд рекупертор\PCB_Project\схема.SchDoc with PLS-4 from Schlib1.SchLib
Replace Part XP5 PLS-4 in D:\Учеба\Стенд рекупертор\PCB_Project\схема.SchDoc with PLS-4 from Schlib1.SchLib
